<?xml version="1.0" ?>
<coverage version="7.10.1" timestamp="1753798079689" lines-valid="4676" lines-covered="2412" line-rate="0.5158" branches-valid="2122" branches-covered="943" branch-rate="0.4444" complexity="0">
	<!-- Generated by coverage.py: https://coverage.readthedocs.io/en/7.10.1 -->
	<!-- Based on https://raw.githubusercontent.com/cobertura/web/master/htdocs/xml/coverage-04.dtd -->
	<sources>
		<source>D:\rka\GIT\development\uesgraphs\uesgraphs</source>
	</sources>
	<packages>
		<package name="." line-rate="0.5939" branch-rate="0.5393" complexity="0">
			<classes>
				<class name="__init__.py" filename="__init__.py" complexity="0" line-rate="0.7619" branch-rate="1">
					<methods/>
					<lines>
						<line number="1" hits="1"/>
						<line number="3" hits="1"/>
						<line number="5" hits="1"/>
						<line number="6" hits="1"/>
						<line number="9" hits="1"/>
						<line number="11" hits="1"/>
						<line number="12" hits="1"/>
						<line number="13" hits="0"/>
						<line number="14" hits="0"/>
						<line number="16" hits="1"/>
						<line number="18" hits="1"/>
						<line number="19" hits="1"/>
						<line number="20" hits="1"/>
						<line number="21" hits="1"/>
						<line number="22" hits="1"/>
						<line number="23" hits="0"/>
						<line number="24" hits="0"/>
						<line number="25" hits="0"/>
						<line number="28" hits="1"/>
						<line number="30" hits="1"/>
						<line number="32" hits="1"/>
					</lines>
				</class>
				<class name="analyze.py" filename="analyze.py" complexity="0" line-rate="0" branch-rate="0">
					<methods/>
					<lines>
						<line number="1" hits="0"/>
						<line number="4" hits="0"/>
						<line number="6" hits="0"/>
						<line number="7" hits="0"/>
						<line number="8" hits="0"/>
						<line number="9" hits="0"/>
						<line number="11" hits="0"/>
						<line number="13" hits="0"/>
						<line number="14" hits="0"/>
						<line number="16" hits="0"/>
						<line number="17" hits="0"/>
						<line number="19" hits="0"/>
						<line number="21" hits="0"/>
						<line number="25" hits="0"/>
						<line number="26" hits="0"/>
						<line number="27" hits="0"/>
						<line number="31" hits="0"/>
						<line number="34" hits="0"/>
						<line number="35" hits="0"/>
						<line number="36" hits="0"/>
						<line number="38" hits="0" branch="true" condition-coverage="0% (0/2)" missing-branches="39,40"/>
						<line number="39" hits="0"/>
						<line number="40" hits="0"/>
						<line number="41" hits="0"/>
						<line number="42" hits="0"/>
						<line number="43" hits="0"/>
						<line number="44" hits="0"/>
						<line number="45" hits="0"/>
						<line number="46" hits="0"/>
						<line number="48" hits="0"/>
						<line number="52" hits="0"/>
						<line number="63" hits="0"/>
						<line number="64" hits="0"/>
						<line number="67" hits="0"/>
						<line number="68" hits="0" branch="true" condition-coverage="0% (0/2)" missing-branches="69,84"/>
						<line number="69" hits="0" branch="true" condition-coverage="0% (0/2)" missing-branches="71,78"/>
						<line number="71" hits="0"/>
						<line number="72" hits="0"/>
						<line number="78" hits="0"/>
						<line number="84" hits="0"/>
						<line number="87" hits="0" branch="true" condition-coverage="0% (0/2)" missing-branches="exit,88"/>
						<line number="88" hits="0"/>
						<line number="90" hits="0"/>
						<line number="91" hits="0" branch="true" condition-coverage="0% (0/2)" missing-branches="92,94"/>
						<line number="92" hits="0"/>
						<line number="94" hits="0"/>
						<line number="95" hits="0"/>
						<line number="98" hits="0" branch="true" condition-coverage="0% (0/2)" missing-branches="99,101"/>
						<line number="99" hits="0"/>
						<line number="101" hits="0"/>
						<line number="102" hits="0" branch="true" condition-coverage="0% (0/2)" missing-branches="103,111"/>
						<line number="103" hits="0"/>
						<line number="104" hits="0"/>
						<line number="105" hits="0"/>
						<line number="106" hits="0"/>
						<line number="107" hits="0"/>
						<line number="108" hits="0"/>
						<line number="109" hits="0"/>
						<line number="111" hits="0" branch="true" condition-coverage="0% (0/2)" missing-branches="exit,112"/>
						<line number="112" hits="0"/>
						<line number="115" hits="0"/>
						<line number="130" hits="0"/>
						<line number="131" hits="0"/>
						<line number="134" hits="0"/>
						<line number="137" hits="0" branch="true" condition-coverage="0% (0/2)" missing-branches="138,141"/>
						<line number="138" hits="0"/>
						<line number="141" hits="0" branch="true" condition-coverage="0% (0/2)" missing-branches="142,144"/>
						<line number="142" hits="0"/>
						<line number="144" hits="0"/>
						<line number="147" hits="0"/>
						<line number="149" hits="0"/>
						<line number="153" hits="0"/>
						<line number="174" hits="0"/>
						<line number="176" hits="0"/>
						<line number="179" hits="0"/>
						<line number="182" hits="0" branch="true" condition-coverage="0% (0/2)" missing-branches="183,184"/>
						<line number="183" hits="0"/>
						<line number="184" hits="0" branch="true" condition-coverage="0% (0/2)" missing-branches="185,186"/>
						<line number="185" hits="0"/>
						<line number="186" hits="0" branch="true" condition-coverage="0% (0/2)" missing-branches="187,189"/>
						<line number="187" hits="0"/>
						<line number="189" hits="0"/>
						<line number="191" hits="0"/>
						<line number="192" hits="0"/>
						<line number="193" hits="0"/>
						<line number="196" hits="0"/>
						<line number="198" hits="0"/>
						<line number="200" hits="0"/>
						<line number="201" hits="0"/>
						<line number="202" hits="0"/>
						<line number="204" hits="0"/>
						<line number="205" hits="0" branch="true" condition-coverage="0% (0/2)" missing-branches="206,212"/>
						<line number="206" hits="0" branch="true" condition-coverage="0% (0/2)" missing-branches="205,207"/>
						<line number="207" hits="0"/>
						<line number="208" hits="0" branch="true" condition-coverage="0% (0/2)" missing-branches="209,211"/>
						<line number="209" hits="0"/>
						<line number="211" hits="0"/>
						<line number="212" hits="0"/>
						<line number="214" hits="0"/>
						<line number="215" hits="0"/>
						<line number="216" hits="0"/>
						<line number="217" hits="0"/>
						<line number="219" hits="0" branch="true" condition-coverage="0% (0/2)" missing-branches="220,255"/>
						<line number="220" hits="0"/>
						<line number="222" hits="0" branch="true" condition-coverage="0% (0/2)" missing-branches="223,251"/>
						<line number="223" hits="0"/>
						<line number="224" hits="0"/>
						<line number="226" hits="0" branch="true" condition-coverage="0% (0/2)" missing-branches="227,236"/>
						<line number="227" hits="0"/>
						<line number="228" hits="0"/>
						<line number="229" hits="0"/>
						<line number="231" hits="0"/>
						<line number="232" hits="0"/>
						<line number="234" hits="0"/>
						<line number="235" hits="0"/>
						<line number="236" hits="0"/>
						<line number="237" hits="0"/>
						<line number="238" hits="0" branch="true" condition-coverage="0% (0/2)" missing-branches="239,240"/>
						<line number="239" hits="0"/>
						<line number="240" hits="0" branch="true" condition-coverage="0% (0/2)" missing-branches="241,242"/>
						<line number="241" hits="0"/>
						<line number="242" hits="0"/>
						<line number="244" hits="0" branch="true" condition-coverage="0% (0/2)" missing-branches="245,246"/>
						<line number="245" hits="0"/>
						<line number="246" hits="0" branch="true" condition-coverage="0% (0/2)" missing-branches="247,248"/>
						<line number="247" hits="0"/>
						<line number="248" hits="0"/>
						<line number="249" hits="0"/>
						<line number="251" hits="0"/>
						<line number="255" hits="0" branch="true" condition-coverage="0% (0/2)" missing-branches="256,281"/>
						<line number="256" hits="0"/>
						<line number="257" hits="0"/>
						<line number="258" hits="0"/>
						<line number="259" hits="0"/>
						<line number="261" hits="0"/>
						<line number="262" hits="0"/>
						<line number="264" hits="0"/>
						<line number="265" hits="0" branch="true" condition-coverage="0% (0/2)" missing-branches="266,267"/>
						<line number="266" hits="0"/>
						<line number="267" hits="0" branch="true" condition-coverage="0% (0/2)" missing-branches="268,269"/>
						<line number="268" hits="0"/>
						<line number="269" hits="0"/>
						<line number="271" hits="0"/>
						<line number="272" hits="0" branch="true" condition-coverage="0% (0/2)" missing-branches="273,274"/>
						<line number="273" hits="0"/>
						<line number="274" hits="0" branch="true" condition-coverage="0% (0/2)" missing-branches="275,276"/>
						<line number="275" hits="0"/>
						<line number="276" hits="0"/>
						<line number="278" hits="0"/>
						<line number="281" hits="0" branch="true" condition-coverage="0% (0/2)" missing-branches="282,284"/>
						<line number="282" hits="0"/>
						<line number="284" hits="0"/>
						<line number="285" hits="0"/>
						<line number="287" hits="0"/>
						<line number="289" hits="0" branch="true" condition-coverage="0% (0/2)" missing-branches="290,291"/>
						<line number="290" hits="0"/>
						<line number="291" hits="0" branch="true" condition-coverage="0% (0/2)" missing-branches="292,293"/>
						<line number="292" hits="0"/>
						<line number="293" hits="0"/>
						<line number="295" hits="0"/>
						<line number="310" hits="0" branch="true" condition-coverage="0% (0/2)" missing-branches="311,319"/>
						<line number="311" hits="0"/>
						<line number="319" hits="0"/>
						<line number="325" hits="0"/>
						<line number="330" hits="0"/>
						<line number="332" hits="0"/>
						<line number="334" hits="0"/>
						<line number="337" hits="0"/>
						<line number="338" hits="0"/>
						<line number="340" hits="0"/>
						<line number="341" hits="0" branch="true" condition-coverage="0% (0/2)" missing-branches="342,346"/>
						<line number="342" hits="0"/>
						<line number="343" hits="0" branch="true" condition-coverage="0% (0/2)" missing-branches="341,344"/>
						<line number="344" hits="0"/>
						<line number="346" hits="0"/>
						<line number="347" hits="0"/>
						<line number="349" hits="0"/>
						<line number="351" hits="0" branch="true" condition-coverage="0% (0/2)" missing-branches="352,355"/>
						<line number="352" hits="0"/>
						<line number="353" hits="0"/>
						<line number="355" hits="0" branch="true" condition-coverage="0% (0/2)" missing-branches="356,378"/>
						<line number="356" hits="0"/>
						<line number="360" hits="0"/>
						<line number="361" hits="0"/>
						<line number="363" hits="0"/>
						<line number="364" hits="0" branch="true" condition-coverage="0% (0/2)" missing-branches="365,369"/>
						<line number="365" hits="0"/>
						<line number="369" hits="0" branch="true" condition-coverage="0% (0/2)" missing-branches="370,375"/>
						<line number="370" hits="0"/>
						<line number="375" hits="0"/>
						<line number="378" hits="0"/>
						<line number="385" hits="0"/>
						<line number="419" hits="0"/>
						<line number="422" hits="0"/>
						<line number="425" hits="0" branch="true" condition-coverage="0% (0/2)" missing-branches="426,429"/>
						<line number="426" hits="0"/>
						<line number="429" hits="0" branch="true" condition-coverage="0% (0/2)" missing-branches="430,432"/>
						<line number="430" hits="0"/>
						<line number="432" hits="0"/>
						<line number="434" hits="0"/>
						<line number="484" hits="0" branch="true" condition-coverage="0% (0/2)" missing-branches="485,488"/>
						<line number="485" hits="0"/>
						<line number="488" hits="0"/>
						<line number="495" hits="0" branch="true" condition-coverage="0% (0/2)" missing-branches="496,499"/>
						<line number="496" hits="0"/>
						<line number="499" hits="0" branch="true" condition-coverage="0% (0/2)" missing-branches="500,504"/>
						<line number="500" hits="0" branch="true" condition-coverage="0% (0/2)" missing-branches="499,501"/>
						<line number="501" hits="0"/>
						<line number="504" hits="0"/>
						<line number="507" hits="0"/>
						<line number="511" hits="0" branch="true" condition-coverage="0% (0/2)" missing-branches="513,565"/>
						<line number="513" hits="0"/>
						<line number="516" hits="0" branch="true" condition-coverage="0% (0/2)" missing-branches="511,518"/>
						<line number="518" hits="0"/>
						<line number="521" hits="0"/>
						<line number="526" hits="0" branch="true" condition-coverage="0% (0/2)" missing-branches="527,529"/>
						<line number="527" hits="0"/>
						<line number="529" hits="0"/>
						<line number="532" hits="0"/>
						<line number="533" hits="0"/>
						<line number="536" hits="0"/>
						<line number="538" hits="0"/>
						<line number="541" hits="0"/>
						<line number="542" hits="0"/>
						<line number="545" hits="0"/>
						<line number="559" hits="0" branch="true" condition-coverage="0% (0/2)" missing-branches="560,562"/>
						<line number="560" hits="0"/>
						<line number="562" hits="0"/>
						<line number="565" hits="0"/>
						<line number="567" hits="0"/>
						<line number="569" hits="0"/>
						<line number="598" hits="0"/>
						<line number="599" hits="0"/>
						<line number="602" hits="0" branch="true" condition-coverage="0% (0/2)" missing-branches="603,612"/>
						<line number="603" hits="0" branch="true" condition-coverage="0% (0/2)" missing-branches="602,604"/>
						<line number="604" hits="0"/>
						<line number="607" hits="0"/>
						<line number="608" hits="0" branch="true" condition-coverage="0% (0/2)" missing-branches="602,609"/>
						<line number="609" hits="0"/>
						<line number="612" hits="0" branch="true" condition-coverage="0% (0/2)" missing-branches="613,615"/>
						<line number="613" hits="0"/>
						<line number="615" hits="0" branch="true" condition-coverage="0% (0/2)" missing-branches="616,620"/>
						<line number="616" hits="0"/>
						<line number="617" hits="0"/>
						<line number="618" hits="0"/>
						<line number="620" hits="0"/>
						<line number="622" hits="0"/>
						<line number="650" hits="0"/>
						<line number="653" hits="0" branch="true" condition-coverage="0% (0/2)" missing-branches="654,659"/>
						<line number="654" hits="0" branch="true" condition-coverage="0% (0/2)" missing-branches="653,655"/>
						<line number="655" hits="0" branch="true" condition-coverage="0% (0/2)" missing-branches="654,656"/>
						<line number="656" hits="0"/>
						<line number="659" hits="0" branch="true" condition-coverage="0% (0/2)" missing-branches="660,664"/>
						<line number="660" hits="0" branch="true" condition-coverage="0% (0/2)" missing-branches="659,661"/>
						<line number="661" hits="0" branch="true" condition-coverage="0% (0/2)" missing-branches="660,662"/>
						<line number="662" hits="0"/>
						<line number="664" hits="0"/>
						<line number="666" hits="0"/>
						<line number="700" hits="0"/>
						<line number="705" hits="0"/>
						<line number="708" hits="0"/>
						<line number="710" hits="0"/>
						<line number="712" hits="0"/>
						<line number="744" hits="0"/>
						<line number="747" hits="0"/>
						<line number="750" hits="0"/>
						<line number="753" hits="0"/>
						<line number="756" hits="0"/>
						<line number="758" hits="0"/>
						<line number="760" hits="0"/>
						<line number="792" hits="0"/>
						<line number="795" hits="0"/>
						<line number="798" hits="0"/>
						<line number="801" hits="0"/>
						<line number="802" hits="0" branch="true" condition-coverage="0% (0/2)" missing-branches="803,805"/>
						<line number="803" hits="0"/>
						<line number="804" hits="0"/>
						<line number="805" hits="0" branch="true" condition-coverage="0% (0/2)" missing-branches="806,809"/>
						<line number="806" hits="0"/>
						<line number="807" hits="0"/>
						<line number="809" hits="0"/>
						<line number="810" hits="0"/>
						<line number="813" hits="0"/>
						<line number="814" hits="0"/>
						<line number="815" hits="0"/>
						<line number="818" hits="0"/>
						<line number="821" hits="0"/>
						<line number="824" hits="0"/>
						<line number="827" hits="0"/>
						<line number="828" hits="0"/>
						<line number="829" hits="0"/>
						<line number="831" hits="0"/>
						<line number="834" hits="0"/>
						<line number="835" hits="0"/>
						<line number="836" hits="0"/>
						<line number="839" hits="0" branch="true" condition-coverage="0% (0/2)" missing-branches="840,843"/>
						<line number="840" hits="0"/>
						<line number="843" hits="0" branch="true" condition-coverage="0% (0/2)" missing-branches="844,849"/>
						<line number="844" hits="0"/>
						<line number="845" hits="0"/>
						<line number="846" hits="0"/>
						<line number="849" hits="0"/>
						<line number="851" hits="0"/>
						<line number="852" hits="0"/>
						<line number="853" hits="0"/>
					</lines>
				</class>
				<class name="template_generation.py" filename="template_generation.py" complexity="0" line-rate="0" branch-rate="0">
					<methods/>
					<lines>
						<line number="1" hits="0"/>
						<line number="2" hits="0"/>
						<line number="3" hits="0"/>
						<line number="5" hits="0"/>
						<line number="6" hits="0"/>
						<line number="9" hits="0"/>
						<line number="25" hits="0"/>
						<line number="26" hits="0"/>
						<line number="27" hits="0"/>
						<line number="29" hits="0"/>
						<line number="35" hits="0"/>
						<line number="37" hits="0" branch="true" condition-coverage="0% (0/2)" missing-branches="38,43"/>
						<line number="38" hits="0"/>
						<line number="39" hits="0"/>
						<line number="40" hits="0"/>
						<line number="41" hits="0"/>
						<line number="43" hits="0"/>
						<line number="44" hits="0"/>
						<line number="45" hits="0"/>
						<line number="47" hits="0"/>
						<line number="89" hits="0"/>
						<line number="90" hits="0"/>
						<line number="91" hits="0"/>
						<line number="92" hits="0"/>
						<line number="94" hits="0"/>
						<line number="95" hits="0"/>
						<line number="97" hits="0"/>
						<line number="98" hits="0" branch="true" condition-coverage="0% (0/2)" missing-branches="99,102"/>
						<line number="99" hits="0"/>
						<line number="100" hits="0"/>
						<line number="102" hits="0"/>
						<line number="103" hits="0"/>
						<line number="104" hits="0"/>
						<line number="105" hits="0"/>
						<line number="106" hits="0"/>
						<line number="107" hits="0"/>
						<line number="108" hits="0"/>
						<line number="110" hits="0"/>
						<line number="112" hits="0"/>
						<line number="113" hits="0" branch="true" condition-coverage="0% (0/2)" missing-branches="114,117"/>
						<line number="114" hits="0"/>
						<line number="115" hits="0"/>
						<line number="117" hits="0"/>
						<line number="118" hits="0"/>
						<line number="119" hits="0"/>
						<line number="123" hits="0"/>
						<line number="124" hits="0" branch="true" condition-coverage="0% (0/2)" missing-branches="exit,125"/>
						<line number="125" hits="0" branch="true" condition-coverage="0% (0/2)" missing-branches="124,126"/>
						<line number="126" hits="0"/>
						<line number="127" hits="0"/>
						<line number="128" hits="0"/>
						<line number="129" hits="0" branch="true" condition-coverage="0% (0/2)" missing-branches="130,132"/>
						<line number="130" hits="0"/>
						<line number="132" hits="0"/>
					</lines>
				</class>
				<class name="uesgraph.py" filename="uesgraph.py" complexity="0" line-rate="0.6479" branch-rate="0.5581">
					<methods/>
					<lines>
						<line number="1" hits="1"/>
						<line number="2" hits="1"/>
						<line number="3" hits="1"/>
						<line number="4" hits="1"/>
						<line number="5" hits="1"/>
						<line number="6" hits="1"/>
						<line number="7" hits="1"/>
						<line number="8" hits="1"/>
						<line number="9" hits="1"/>
						<line number="10" hits="1"/>
						<line number="11" hits="1"/>
						<line number="12" hits="1"/>
						<line number="13" hits="1"/>
						<line number="14" hits="1"/>
						<line number="15" hits="1"/>
						<line number="16" hits="1"/>
						<line number="17" hits="1"/>
						<line number="19" hits="1"/>
						<line number="21" hits="1"/>
						<line number="22" hits="1"/>
						<line number="23" hits="0"/>
						<line number="24" hits="0"/>
						<line number="29" hits="0"/>
						<line number="32" hits="1"/>
						<line number="91" hits="1"/>
						<line number="93" hits="1"/>
						<line number="94" hits="1"/>
						<line number="96" hits="1"/>
						<line number="102" hits="1"/>
						<line number="103" hits="1"/>
						<line number="104" hits="1"/>
						<line number="105" hits="1"/>
						<line number="106" hits="1"/>
						<line number="107" hits="1"/>
						<line number="108" hits="1"/>
						<line number="110" hits="1"/>
						<line number="112" hits="1"/>
						<line number="113" hits="1"/>
						<line number="114" hits="1"/>
						<line number="115" hits="1"/>
						<line number="117" hits="1"/>
						<line number="118" hits="1"/>
						<line number="119" hits="1"/>
						<line number="121" hits="1"/>
						<line number="122" hits="1"/>
						<line number="123" hits="1"/>
						<line number="125" hits="1"/>
						<line number="126" hits="1"/>
						<line number="128" hits="1" branch="true" condition-coverage="100% (2/2)"/>
						<line number="129" hits="1" branch="true" condition-coverage="50% (1/2)" missing-branches="128"/>
						<line number="130" hits="1"/>
						<line number="131" hits="1" branch="true" condition-coverage="50% (1/2)" missing-branches="128"/>
						<line number="132" hits="1"/>
						<line number="135" hits="1"/>
						<line number="137" hits="1"/>
						<line number="138" hits="1"/>
						<line number="139" hits="1"/>
						<line number="151" hits="1"/>
						<line number="159" hits="1"/>
						<line number="160" hits="1"/>
						<line number="162" hits="1"/>
						<line number="164" hits="1"/>
						<line number="175" hits="1"/>
						<line number="176" hits="1"/>
						<line number="181" hits="1" branch="true" condition-coverage="100% (2/2)"/>
						<line number="182" hits="1"/>
						<line number="183" hits="1" branch="true" condition-coverage="50% (1/2)" missing-branches="185"/>
						<line number="184" hits="1"/>
						<line number="185" hits="0" branch="true" condition-coverage="0% (0/2)" missing-branches="186,187"/>
						<line number="186" hits="0"/>
						<line number="187" hits="0" branch="true" condition-coverage="0% (0/2)" missing-branches="188,189"/>
						<line number="188" hits="0"/>
						<line number="189" hits="0" branch="true" condition-coverage="0% (0/2)" missing-branches="exit,190"/>
						<line number="190" hits="0"/>
						<line number="192" hits="1"/>
						<line number="200" hits="1" branch="true" condition-coverage="100% (2/2)"/>
						<line number="201" hits="1" branch="true" condition-coverage="100% (2/2)"/>
						<line number="202" hits="1"/>
						<line number="204" hits="1" branch="true" condition-coverage="100% (2/2)"/>
						<line number="205" hits="1"/>
						<line number="206" hits="1" branch="true" condition-coverage="100% (2/2)"/>
						<line number="207" hits="1"/>
						<line number="208" hits="1" branch="true" condition-coverage="100% (2/2)"/>
						<line number="209" hits="1"/>
						<line number="211" hits="1" branch="true" condition-coverage="100% (2/2)"/>
						<line number="212" hits="1"/>
						<line number="213" hits="1" branch="true" condition-coverage="100% (2/2)"/>
						<line number="214" hits="1"/>
						<line number="216" hits="1"/>
						<line number="261" hits="1"/>
						<line number="262" hits="1" branch="true" condition-coverage="100% (2/2)"/>
						<line number="263" hits="1"/>
						<line number="265" hits="1"/>
						<line number="276" hits="1" branch="true" condition-coverage="50% (1/2)" missing-branches="277"/>
						<line number="277" hits="0"/>
						<line number="279" hits="1"/>
						<line number="281" hits="1"/>
						<line number="283" hits="1"/>
						<line number="284" hits="1" branch="true" condition-coverage="100% (2/2)"/>
						<line number="285" hits="1"/>
						<line number="287" hits="1"/>
						<line number="289" hits="1"/>
						<line number="291" hits="1"/>
						<line number="293" hits="1"/>
						<line number="301" hits="1" branch="true" condition-coverage="50% (1/2)" missing-branches="305"/>
						<line number="302" hits="1"/>
						<line number="303" hits="1"/>
						<line number="305" hits="0"/>
						<line number="310" hits="1"/>
						<line number="338" hits="1"/>
						<line number="340" hits="1"/>
						<line number="342" hits="1" branch="true" condition-coverage="50% (1/2)" missing-branches="343"/>
						<line number="343" hits="0"/>
						<line number="345" hits="1"/>
						<line number="347" hits="1"/>
						<line number="349" hits="1"/>
						<line number="350" hits="1" branch="true" condition-coverage="50% (1/2)" missing-branches="356"/>
						<line number="352" hits="1" branch="true" condition-coverage="100% (2/2)"/>
						<line number="353" hits="1" branch="true" condition-coverage="100% (2/2)"/>
						<line number="354" hits="1"/>
						<line number="356" hits="1" branch="true" condition-coverage="100% (2/2)"/>
						<line number="357" hits="1"/>
						<line number="359" hits="1"/>
						<line number="360" hits="1" branch="true" condition-coverage="100% (2/2)"/>
						<line number="361" hits="1"/>
						<line number="362" hits="1"/>
						<line number="364" hits="1"/>
						<line number="366" hits="1"/>
						<line number="374" hits="0" branch="true" condition-coverage="0% (0/2)" missing-branches="375,378"/>
						<line number="375" hits="0"/>
						<line number="376" hits="0"/>
						<line number="378" hits="0"/>
						<line number="383" hits="1"/>
						<line number="437" hits="1"/>
						<line number="438" hits="1"/>
						<line number="439" hits="1" branch="true" condition-coverage="100% (2/2)"/>
						<line number="440" hits="1"/>
						<line number="442" hits="1"/>
						<line number="449" hits="1" branch="true" condition-coverage="50% (1/2)" missing-branches="450"/>
						<line number="450" hits="0"/>
						<line number="452" hits="1"/>
						<line number="454" hits="1"/>
						<line number="456" hits="1" branch="true" condition-coverage="100% (2/2)"/>
						<line number="457" hits="1"/>
						<line number="458" hits="1" branch="true" condition-coverage="100% (2/2)"/>
						<line number="459" hits="1"/>
						<line number="460" hits="1" branch="true" condition-coverage="100% (2/2)"/>
						<line number="461" hits="1"/>
						<line number="462" hits="1" branch="true" condition-coverage="100% (2/2)"/>
						<line number="463" hits="1"/>
						<line number="464" hits="1" branch="true" condition-coverage="50% (1/2)" missing-branches="468"/>
						<line number="465" hits="1"/>
						<line number="468" hits="1" branch="true" condition-coverage="100% (2/2)"/>
						<line number="469" hits="1"/>
						<line number="471" hits="1" branch="true" condition-coverage="100% (2/2)"/>
						<line number="472" hits="1" branch="true" condition-coverage="50% (1/2)" missing-branches="473"/>
						<line number="473" hits="0"/>
						<line number="474" hits="1" branch="true" condition-coverage="50% (1/2)" missing-branches="479"/>
						<line number="475" hits="1" branch="true" condition-coverage="100% (2/2)"/>
						<line number="476" hits="1" branch="true" condition-coverage="50% (1/2)" missing-branches="477"/>
						<line number="477" hits="0"/>
						<line number="479" hits="1" branch="true" condition-coverage="50% (1/2)" missing-branches="480"/>
						<line number="480" hits="0"/>
						<line number="482" hits="1"/>
						<line number="483" hits="1" branch="true" condition-coverage="100% (2/2)"/>
						<line number="484" hits="1"/>
						<line number="485" hits="1" branch="true" condition-coverage="100% (2/2)"/>
						<line number="486" hits="1"/>
						<line number="487" hits="1" branch="true" condition-coverage="100% (2/2)"/>
						<line number="488" hits="1"/>
						<line number="489" hits="1" branch="true" condition-coverage="100% (2/2)"/>
						<line number="490" hits="1"/>
						<line number="491" hits="1" branch="true" condition-coverage="100% (2/2)"/>
						<line number="492" hits="1"/>
						<line number="493" hits="1" branch="true" condition-coverage="50% (1/2)" missing-branches="510"/>
						<line number="494" hits="1"/>
						<line number="496" hits="1"/>
						<line number="497" hits="1" branch="true" condition-coverage="100% (2/2)"/>
						<line number="498" hits="1"/>
						<line number="499" hits="1" branch="true" condition-coverage="50% (1/2)" missing-branches="501"/>
						<line number="500" hits="1"/>
						<line number="501" hits="0" branch="true" condition-coverage="0% (0/2)" missing-branches="502,503"/>
						<line number="502" hits="0"/>
						<line number="503" hits="0" branch="true" condition-coverage="0% (0/2)" missing-branches="504,505"/>
						<line number="504" hits="0"/>
						<line number="505" hits="0" branch="true" condition-coverage="0% (0/2)" missing-branches="506,507"/>
						<line number="506" hits="0"/>
						<line number="507" hits="0" branch="true" condition-coverage="0% (0/2)" missing-branches="508,510"/>
						<line number="508" hits="0"/>
						<line number="510" hits="1"/>
						<line number="512" hits="1"/>
						<line number="514" hits="1"/>
						<line number="523" hits="1"/>
						<line number="531" hits="1"/>
						<line number="533" hits="1" branch="true" condition-coverage="100% (2/2)"/>
						<line number="534" hits="1" branch="true" condition-coverage="100% (2/2)"/>
						<line number="535" hits="1" branch="true" condition-coverage="100% (2/2)"/>
						<line number="536" hits="1" branch="true" condition-coverage="100% (2/2)"/>
						<line number="537" hits="1"/>
						<line number="538" hits="1"/>
						<line number="539" hits="1"/>
						<line number="540" hits="1"/>
						<line number="542" hits="1" branch="true" condition-coverage="50% (1/2)" missing-branches="546"/>
						<line number="543" hits="1"/>
						<line number="544" hits="1"/>
						<line number="546" hits="0"/>
						<line number="551" hits="1"/>
						<line number="564" hits="0" branch="true" condition-coverage="0% (0/2)" missing-branches="565,567"/>
						<line number="565" hits="0"/>
						<line number="567" hits="0"/>
						<line number="569" hits="1"/>
						<line number="589" hits="1"/>
						<line number="591" hits="1" branch="true" condition-coverage="100% (2/2)"/>
						<line number="592" hits="1" branch="true" condition-coverage="50% (1/2)" missing-branches="591"/>
						<line number="594" hits="1" branch="true" condition-coverage="50% (1/2)" missing-branches="591"/>
						<line number="595" hits="1"/>
						<line number="596" hits="1"/>
						<line number="598" hits="1"/>
						<line number="600" hits="1"/>
						<line number="622" hits="1"/>
						<line number="628" hits="1" branch="true" condition-coverage="100% (2/2)"/>
						<line number="629" hits="1"/>
						<line number="630" hits="1" branch="true" condition-coverage="100% (2/2)"/>
						<line number="631" hits="1"/>
						<line number="632" hits="1" branch="true" condition-coverage="100% (2/2)"/>
						<line number="633" hits="1"/>
						<line number="634" hits="1" branch="true" condition-coverage="100% (2/2)"/>
						<line number="635" hits="1"/>
						<line number="636" hits="1" branch="true" condition-coverage="100% (2/2)"/>
						<line number="637" hits="1"/>
						<line number="638" hits="1" branch="true" condition-coverage="50% (1/2)" missing-branches="641"/>
						<line number="639" hits="1"/>
						<line number="641" hits="1"/>
						<line number="643" hits="1" branch="true" condition-coverage="100% (2/2)"/>
						<line number="644" hits="1" branch="true" condition-coverage="50% (1/2)" missing-branches="689"/>
						<line number="645" hits="1" branch="true" condition-coverage="100% (2/2)"/>
						<line number="647" hits="1"/>
						<line number="649" hits="1"/>
						<line number="650" hits="1"/>
						<line number="651" hits="1"/>
						<line number="653" hits="1" branch="true" condition-coverage="100% (2/2)"/>
						<line number="654" hits="1"/>
						<line number="655" hits="1" branch="true" condition-coverage="100% (2/2)"/>
						<line number="656" hits="1"/>
						<line number="658" hits="1" branch="true" condition-coverage="100% (2/2)"/>
						<line number="659" hits="1" branch="true" condition-coverage="100% (2/2)"/>
						<line number="660" hits="1" branch="true" condition-coverage="100% (2/2)"/>
						<line number="661" hits="1"/>
						<line number="662" hits="1" branch="true" condition-coverage="50% (1/2)" missing-branches="663"/>
						<line number="663" hits="0"/>
						<line number="665" hits="1"/>
						<line number="666" hits="1" branch="true" condition-coverage="100% (2/2)"/>
						<line number="667" hits="1"/>
						<line number="668" hits="1" branch="true" condition-coverage="100% (2/2)"/>
						<line number="669" hits="1"/>
						<line number="672" hits="1" branch="true" condition-coverage="100% (2/2)"/>
						<line number="673" hits="1"/>
						<line number="676" hits="1" branch="true" condition-coverage="100% (2/2)"/>
						<line number="677" hits="1"/>
						<line number="680" hits="1" branch="true" condition-coverage="100% (2/2)"/>
						<line number="681" hits="1"/>
						<line number="682" hits="1" branch="true" condition-coverage="50% (1/2)" missing-branches="686"/>
						<line number="683" hits="1"/>
						<line number="686" hits="1"/>
						<line number="687" hits="1"/>
						<line number="689" hits="1" branch="true" condition-coverage="100% (2/2)"/>
						<line number="690" hits="1" branch="true" condition-coverage="100% (2/2)"/>
						<line number="691" hits="1"/>
						<line number="692" hits="1" branch="true" condition-coverage="100% (2/2)"/>
						<line number="693" hits="1" branch="true" condition-coverage="100% (2/2)"/>
						<line number="694" hits="1"/>
						<line number="695" hits="1" branch="true" condition-coverage="100% (2/2)"/>
						<line number="696" hits="1"/>
						<line number="697" hits="1" branch="true" condition-coverage="50% (1/2)" missing-branches="724"/>
						<line number="699" hits="1"/>
						<line number="700" hits="1" branch="true" condition-coverage="100% (2/2)"/>
						<line number="701" hits="1" branch="true" condition-coverage="100% (2/2)"/>
						<line number="702" hits="1"/>
						<line number="703" hits="1" branch="true" condition-coverage="100% (2/2)"/>
						<line number="704" hits="1"/>
						<line number="705" hits="1"/>
						<line number="706" hits="1"/>
						<line number="708" hits="1" branch="true" condition-coverage="100% (2/2)"/>
						<line number="716" hits="1"/>
						<line number="717" hits="1" branch="true" condition-coverage="100% (2/2)"/>
						<line number="718" hits="1"/>
						<line number="719" hits="1"/>
						<line number="720" hits="1"/>
						<line number="722" hits="1"/>
						<line number="724" hits="1" branch="true" condition-coverage="100% (2/2)"/>
						<line number="725" hits="1" branch="true" condition-coverage="100% (2/2)"/>
						<line number="727" hits="1" branch="true" condition-coverage="100% (2/2)"/>
						<line number="728" hits="1" branch="true" condition-coverage="100% (2/2)"/>
						<line number="729" hits="1" branch="true" condition-coverage="50% (1/2)" missing-branches="730"/>
						<line number="730" hits="0"/>
						<line number="731" hits="0" branch="true" condition-coverage="0% (0/2)" missing-branches="728,732"/>
						<line number="732" hits="0"/>
						<line number="734" hits="1" branch="true" condition-coverage="50% (1/2)" missing-branches="735"/>
						<line number="735" hits="0"/>
						<line number="736" hits="0"/>
						<line number="737" hits="0"/>
						<line number="738" hits="0" branch="true" condition-coverage="0% (0/2)" missing-branches="739,748"/>
						<line number="739" hits="0"/>
						<line number="740" hits="0" branch="true" condition-coverage="0% (0/2)" missing-branches="738,741"/>
						<line number="741" hits="0"/>
						<line number="742" hits="0" branch="true" condition-coverage="0% (0/2)" missing-branches="743,744"/>
						<line number="743" hits="0"/>
						<line number="744" hits="0" branch="true" condition-coverage="0% (0/2)" missing-branches="745,746"/>
						<line number="745" hits="0"/>
						<line number="746" hits="0" branch="true" condition-coverage="0% (0/2)" missing-branches="738,747"/>
						<line number="747" hits="0"/>
						<line number="748" hits="0"/>
						<line number="749" hits="0"/>
						<line number="750" hits="0"/>
						<line number="751" hits="0"/>
						<line number="752" hits="0"/>
						<line number="753" hits="0"/>
						<line number="755" hits="1"/>
						<line number="757" hits="1"/>
						<line number="774" hits="1"/>
						<line number="777" hits="1"/>
						<line number="778" hits="1" branch="true" condition-coverage="100% (2/2)"/>
						<line number="779" hits="1"/>
						<line number="783" hits="1"/>
						<line number="784" hits="1"/>
						<line number="785" hits="1"/>
						<line number="786" hits="1" branch="true" condition-coverage="50% (1/2)" missing-branches="789"/>
						<line number="787" hits="1"/>
						<line number="789" hits="1"/>
						<line number="790" hits="1"/>
						<line number="791" hits="1" branch="true" condition-coverage="100% (2/2)"/>
						<line number="793" hits="1" branch="true" condition-coverage="50% (1/2)" missing-branches="794"/>
						<line number="794" hits="0"/>
						<line number="795" hits="0"/>
						<line number="796" hits="1" branch="true" condition-coverage="50% (1/2)" missing-branches="800"/>
						<line number="797" hits="1"/>
						<line number="798" hits="1"/>
						<line number="800" hits="0"/>
						<line number="803" hits="1" branch="true" condition-coverage="100% (2/2)"/>
						<line number="804" hits="1"/>
						<line number="805" hits="1"/>
						<line number="809" hits="1" branch="true" condition-coverage="100% (2/2)"/>
						<line number="810" hits="1"/>
						<line number="811" hits="1" branch="true" condition-coverage="100% (2/2)"/>
						<line number="812" hits="1"/>
						<line number="815" hits="1" branch="true" condition-coverage="100% (2/2)"/>
						<line number="816" hits="1"/>
						<line number="821" hits="1" branch="true" condition-coverage="100% (2/2)"/>
						<line number="822" hits="1"/>
						<line number="831" hits="1"/>
						<line number="841" hits="1" branch="true" condition-coverage="100% (2/2)"/>
						<line number="842" hits="1" branch="true" condition-coverage="100% (2/2)"/>
						<line number="843" hits="1"/>
						<line number="846" hits="1"/>
						<line number="849" hits="1" branch="true" condition-coverage="100% (2/2)"/>
						<line number="850" hits="1" branch="true" condition-coverage="50% (1/2)" missing-branches="853"/>
						<line number="851" hits="1"/>
						<line number="853" hits="1"/>
						<line number="854" hits="1" branch="true" condition-coverage="50% (1/2)" missing-branches="855"/>
						<line number="855" hits="0"/>
						<line number="856" hits="0"/>
						<line number="857" hits="1" branch="true" condition-coverage="100% (2/2)"/>
						<line number="858" hits="1"/>
						<line number="859" hits="1"/>
						<line number="861" hits="1"/>
						<line number="862" hits="1"/>
						<line number="864" hits="1"/>
						<line number="865" hits="1" branch="true" condition-coverage="100% (2/2)"/>
						<line number="866" hits="1"/>
						<line number="867" hits="1" branch="true" condition-coverage="50% (1/2)" missing-branches="869"/>
						<line number="868" hits="1"/>
						<line number="869" hits="1" branch="true" condition-coverage="50% (1/2)" missing-branches="870"/>
						<line number="870" hits="0"/>
						<line number="871" hits="1" branch="true" condition-coverage="50% (1/2)" missing-branches="875"/>
						<line number="872" hits="1"/>
						<line number="873" hits="1"/>
						<line number="874" hits="1"/>
						<line number="875" hits="1" branch="true" condition-coverage="50% (1/2)" missing-branches="876"/>
						<line number="876" hits="0"/>
						<line number="877" hits="1" branch="true" condition-coverage="50% (1/2)" missing-branches="878"/>
						<line number="878" hits="0"/>
						<line number="880" hits="1" branch="true" condition-coverage="100% (2/2)"/>
						<line number="881" hits="1" branch="true" condition-coverage="100% (2/2)"/>
						<line number="882" hits="1"/>
						<line number="884" hits="1"/>
						<line number="885" hits="1"/>
						<line number="887" hits="1"/>
						<line number="924" hits="1"/>
						<line number="926" hits="1" branch="true" condition-coverage="50% (1/2)" missing-branches="927"/>
						<line number="927" hits="0"/>
						<line number="929" hits="1"/>
						<line number="931" hits="1" branch="true" condition-coverage="50% (1/2)" missing-branches="932"/>
						<line number="932" hits="0"/>
						<line number="934" hits="1"/>
						<line number="935" hits="1"/>
						<line number="937" hits="1" branch="true" condition-coverage="50% (1/2)" missing-branches="940"/>
						<line number="938" hits="1"/>
						<line number="940" hits="1" branch="true" condition-coverage="100% (2/2)"/>
						<line number="941" hits="1"/>
						<line number="942" hits="1"/>
						<line number="944" hits="1"/>
						<line number="945" hits="1"/>
						<line number="947" hits="1"/>
						<line number="948" hits="1"/>
						<line number="950" hits="1"/>
						<line number="961" hits="1" branch="true" condition-coverage="100% (2/2)"/>
						<line number="962" hits="1"/>
						<line number="968" hits="1" branch="true" condition-coverage="50% (1/2)" missing-branches="971"/>
						<line number="969" hits="1"/>
						<line number="971" hits="0"/>
						<line number="972" hits="1" branch="true" condition-coverage="50% (1/2)" missing-branches="982"/>
						<line number="973" hits="1"/>
						<line number="974" hits="1" branch="true" condition-coverage="100% (2/2)"/>
						<line number="975" hits="1" branch="true" condition-coverage="50% (1/2)" missing-branches="978"/>
						<line number="976" hits="1" branch="true" condition-coverage="100% (2/2)"/>
						<line number="977" hits="1"/>
						<line number="978" hits="1" branch="true" condition-coverage="50% (1/2)" missing-branches="981"/>
						<line number="979" hits="1" branch="true" condition-coverage="100% (2/2)"/>
						<line number="980" hits="1"/>
						<line number="981" hits="1"/>
						<line number="982" hits="1" branch="true" condition-coverage="50% (1/2)" missing-branches="983"/>
						<line number="983" hits="0" branch="true" condition-coverage="0% (0/2)" missing-branches="961,984"/>
						<line number="984" hits="0" branch="true" condition-coverage="0% (0/2)" missing-branches="983,985"/>
						<line number="985" hits="0"/>
						<line number="988" hits="1" branch="true" condition-coverage="100% (2/2)"/>
						<line number="989" hits="1" branch="true" condition-coverage="50% (1/2)" missing-branches="990"/>
						<line number="990" hits="0"/>
						<line number="991" hits="0"/>
						<line number="992" hits="0"/>
						<line number="993" hits="0"/>
						<line number="995" hits="1"/>
						<line number="997" hits="1" branch="true" condition-coverage="50% (1/2)" missing-branches="1000"/>
						<line number="998" hits="1"/>
						<line number="1000" hits="0"/>
						<line number="1001" hits="1" branch="true" condition-coverage="50% (1/2)" missing-branches="1004"/>
						<line number="1002" hits="1"/>
						<line number="1004" hits="0"/>
						<line number="1006" hits="1"/>
						<line number="1015" hits="1" branch="true" condition-coverage="50% (1/2)" missing-branches="1016"/>
						<line number="1016" hits="0"/>
						<line number="1018" hits="1"/>
						<line number="1019" hits="1"/>
						<line number="1020" hits="1"/>
						<line number="1021" hits="1"/>
						<line number="1023" hits="1" branch="true" condition-coverage="50% (1/2)" missing-branches="1024"/>
						<line number="1024" hits="0"/>
						<line number="1025" hits="0"/>
						<line number="1027" hits="1" branch="true" condition-coverage="50% (1/2)" missing-branches="1028"/>
						<line number="1028" hits="0"/>
						<line number="1029" hits="0"/>
						<line number="1031" hits="1" branch="true" condition-coverage="50% (1/2)" missing-branches="1032"/>
						<line number="1032" hits="0" branch="true" condition-coverage="0% (0/2)" missing-branches="988,1033"/>
						<line number="1033" hits="0" branch="true" condition-coverage="0% (0/2)" missing-branches="1032,1034"/>
						<line number="1034" hits="0"/>
						<line number="1037" hits="1"/>
						<line number="1039" hits="1" branch="true" condition-coverage="50% (1/2)" missing-branches="1047"/>
						<line number="1040" hits="1"/>
						<line number="1041" hits="1" branch="true" condition-coverage="100% (2/2)"/>
						<line number="1042" hits="1"/>
						<line number="1044" hits="1"/>
						<line number="1045" hits="1"/>
						<line number="1047" hits="1"/>
						<line number="1049" hits="1"/>
						<line number="1125" hits="1"/>
						<line number="1126" hits="1"/>
						<line number="1129" hits="1"/>
						<line number="1130" hits="1"/>
						<line number="1131" hits="1" branch="true" condition-coverage="100% (2/2)"/>
						<line number="1132" hits="1"/>
						<line number="1133" hits="1"/>
						<line number="1134" hits="1"/>
						<line number="1137" hits="1"/>
						<line number="1148" hits="1"/>
						<line number="1150" hits="1"/>
						<line number="1151" hits="1" branch="true" condition-coverage="50% (1/2)" missing-branches="1152"/>
						<line number="1152" hits="0"/>
						<line number="1153" hits="0"/>
						<line number="1154" hits="0" branch="true" condition-coverage="0% (0/2)" missing-branches="1155,1174"/>
						<line number="1155" hits="0" branch="true" condition-coverage="0% (0/2)" missing-branches="1154,1156"/>
						<line number="1156" hits="0" branch="true" condition-coverage="0% (0/2)" missing-branches="1155,1157"/>
						<line number="1157" hits="0" branch="true" condition-coverage="0% (0/2)" missing-branches="1155,1158"/>
						<line number="1158" hits="0" branch="true" condition-coverage="0% (0/2)" missing-branches="1157,1159"/>
						<line number="1159" hits="0"/>
						<line number="1160" hits="0" branch="true" condition-coverage="0% (0/2)" missing-branches="1157,1161"/>
						<line number="1161" hits="0" branch="true" condition-coverage="0% (0/2)" missing-branches="1160,1162"/>
						<line number="1162" hits="0"/>
						<line number="1163" hits="0" branch="true" condition-coverage="0% (0/2)" missing-branches="1164,1169"/>
						<line number="1164" hits="0"/>
						<line number="1165" hits="0"/>
						<line number="1166" hits="0"/>
						<line number="1169" hits="0"/>
						<line number="1170" hits="0"/>
						<line number="1171" hits="0"/>
						<line number="1174" hits="0"/>
						<line number="1175" hits="0"/>
						<line number="1176" hits="0"/>
						<line number="1177" hits="0" branch="true" condition-coverage="0% (0/2)" missing-branches="1178,1179"/>
						<line number="1178" hits="0"/>
						<line number="1179" hits="0" branch="true" condition-coverage="0% (0/2)" missing-branches="1180,1207"/>
						<line number="1180" hits="0" branch="true" condition-coverage="0% (0/2)" missing-branches="1181,1184"/>
						<line number="1181" hits="0" branch="true" condition-coverage="0% (0/2)" missing-branches="1179,1182"/>
						<line number="1182" hits="0"/>
						<line number="1184" hits="0"/>
						<line number="1185" hits="0"/>
						<line number="1186" hits="0"/>
						<line number="1187" hits="0"/>
						<line number="1188" hits="0" branch="true" condition-coverage="0% (0/2)" missing-branches="1189,1198"/>
						<line number="1189" hits="0"/>
						<line number="1190" hits="0"/>
						<line number="1191" hits="0"/>
						<line number="1192" hits="0"/>
						<line number="1193" hits="0"/>
						<line number="1194" hits="0"/>
						<line number="1195" hits="0"/>
						<line number="1196" hits="0"/>
						<line number="1198" hits="0"/>
						<line number="1199" hits="0"/>
						<line number="1200" hits="0" branch="true" condition-coverage="0% (0/2)" missing-branches="1201,1203"/>
						<line number="1201" hits="0" branch="true" condition-coverage="0% (0/2)" missing-branches="1202,1206"/>
						<line number="1202" hits="0"/>
						<line number="1203" hits="0" branch="true" condition-coverage="0% (0/2)" missing-branches="1204,1206"/>
						<line number="1204" hits="0" branch="true" condition-coverage="0% (0/2)" missing-branches="1205,1206"/>
						<line number="1205" hits="0"/>
						<line number="1206" hits="0"/>
						<line number="1207" hits="0"/>
						<line number="1210" hits="1"/>
						<line number="1211" hits="1"/>
						<line number="1212" hits="1"/>
						<line number="1213" hits="1" branch="true" condition-coverage="100% (2/2)"/>
						<line number="1214" hits="1"/>
						<line number="1215" hits="1"/>
						<line number="1216" hits="1"/>
						<line number="1217" hits="1"/>
						<line number="1218" hits="1" branch="true" condition-coverage="100% (2/2)"/>
						<line number="1219" hits="1"/>
						<line number="1220" hits="1"/>
						<line number="1221" hits="1"/>
						<line number="1222" hits="1"/>
						<line number="1224" hits="1" branch="true" condition-coverage="100% (2/2)"/>
						<line number="1225" hits="1" branch="true" condition-coverage="100% (2/2)"/>
						<line number="1226" hits="1" branch="true" condition-coverage="50% (1/2)" missing-branches="1232"/>
						<line number="1227" hits="1"/>
						<line number="1228" hits="1"/>
						<line number="1229" hits="1"/>
						<line number="1230" hits="1"/>
						<line number="1231" hits="1"/>
						<line number="1232" hits="1" branch="true" condition-coverage="100% (2/2)"/>
						<line number="1233" hits="1"/>
						<line number="1234" hits="1" branch="true" condition-coverage="100% (2/2)"/>
						<line number="1235" hits="1"/>
						<line number="1236" hits="1" branch="true" condition-coverage="100% (2/2)"/>
						<line number="1237" hits="1"/>
						<line number="1238" hits="1" branch="true" condition-coverage="100% (2/2)"/>
						<line number="1239" hits="1"/>
						<line number="1240" hits="1" branch="true" condition-coverage="100% (2/2)"/>
						<line number="1241" hits="1"/>
						<line number="1242" hits="1" branch="true" condition-coverage="50% (1/2)" missing-branches="1243"/>
						<line number="1243" hits="0"/>
						<line number="1244" hits="1" branch="true" condition-coverage="100% (2/2)"/>
						<line number="1245" hits="1"/>
						<line number="1246" hits="1" branch="true" condition-coverage="50% (1/2)" missing-branches="1247"/>
						<line number="1247" hits="0"/>
						<line number="1248" hits="1" branch="true" condition-coverage="50% (1/2)" missing-branches="1249"/>
						<line number="1249" hits="0"/>
						<line number="1250" hits="1" branch="true" condition-coverage="50% (1/2)" missing-branches="1251"/>
						<line number="1251" hits="0"/>
						<line number="1252" hits="1" branch="true" condition-coverage="50% (1/2)" missing-branches="1253"/>
						<line number="1253" hits="0"/>
						<line number="1255" hits="1" branch="true" condition-coverage="100% (2/2)"/>
						<line number="1256" hits="1"/>
						<line number="1257" hits="1" branch="true" condition-coverage="100% (2/2)"/>
						<line number="1258" hits="1"/>
						<line number="1261" hits="1"/>
						<line number="1262" hits="1" branch="true" condition-coverage="100% (2/2)"/>
						<line number="1263" hits="1"/>
						<line number="1266" hits="1"/>
						<line number="1267" hits="1" branch="true" condition-coverage="50% (1/2)" missing-branches="1268"/>
						<line number="1268" hits="0"/>
						<line number="1269" hits="0"/>
						<line number="1270" hits="0"/>
						<line number="1271" hits="0" branch="true" condition-coverage="0% (0/2)" missing-branches="1272,1275"/>
						<line number="1272" hits="0" branch="true" condition-coverage="0% (0/2)" missing-branches="1271,1273"/>
						<line number="1273" hits="0"/>
						<line number="1275" hits="0" branch="true" condition-coverage="0% (0/2)" missing-branches="1276,1281"/>
						<line number="1276" hits="0"/>
						<line number="1278" hits="1"/>
						<line number="1279" hits="1"/>
						<line number="1281" hits="1"/>
						<line number="1282" hits="1"/>
						<line number="1283" hits="1"/>
						<line number="1284" hits="1"/>
						<line number="1285" hits="1" branch="true" condition-coverage="100% (2/2)"/>
						<line number="1286" hits="1"/>
						<line number="1287" hits="1"/>
						<line number="1288" hits="1"/>
						<line number="1292" hits="1"/>
						<line number="1293" hits="1"/>
						<line number="1294" hits="1"/>
						<line number="1295" hits="1"/>
						<line number="1296" hits="1"/>
						<line number="1297" hits="1"/>
						<line number="1298" hits="1"/>
						<line number="1299" hits="1" branch="true" condition-coverage="100% (2/2)"/>
						<line number="1300" hits="1"/>
						<line number="1301" hits="1" branch="true" condition-coverage="100% (2/2)"/>
						<line number="1302" hits="1"/>
						<line number="1305" hits="1" branch="true" condition-coverage="100% (2/2)"/>
						<line number="1306" hits="1"/>
						<line number="1309" hits="1" branch="true" condition-coverage="50% (1/2)" missing-branches="1310"/>
						<line number="1310" hits="0"/>
						<line number="1311" hits="1" branch="true" condition-coverage="100% (2/2)"/>
						<line number="1312" hits="1"/>
						<line number="1313" hits="1" branch="true" condition-coverage="50% (1/2)" missing-branches="1314"/>
						<line number="1314" hits="0"/>
						<line number="1315" hits="1" branch="true" condition-coverage="100% (2/2)"/>
						<line number="1316" hits="1"/>
						<line number="1317" hits="1" branch="true" condition-coverage="50% (1/2)" missing-branches="1318"/>
						<line number="1318" hits="0"/>
						<line number="1321" hits="1" branch="true" condition-coverage="50% (1/2)" missing-branches="1322"/>
						<line number="1322" hits="0"/>
						<line number="1325" hits="1" branch="true" condition-coverage="50% (1/2)" missing-branches="1326"/>
						<line number="1326" hits="0"/>
						<line number="1329" hits="1" branch="true" condition-coverage="50% (1/2)" missing-branches="1330"/>
						<line number="1330" hits="0"/>
						<line number="1334" hits="1"/>
						<line number="1335" hits="1" branch="true" condition-coverage="100% (2/2)"/>
						<line number="1336" hits="1"/>
						<line number="1337" hits="1"/>
						<line number="1338" hits="1" branch="true" condition-coverage="100% (2/2)"/>
						<line number="1339" hits="1"/>
						<line number="1340" hits="1"/>
						<line number="1341" hits="1" branch="true" condition-coverage="100% (2/2)"/>
						<line number="1342" hits="1" branch="true" condition-coverage="100% (2/2)"/>
						<line number="1343" hits="1"/>
						<line number="1347" hits="1" branch="true" condition-coverage="50% (1/2)" missing-branches="1335"/>
						<line number="1348" hits="1"/>
						<line number="1351" hits="1" branch="true" condition-coverage="50% (1/2)" missing-branches="1352"/>
						<line number="1352" hits="0"/>
						<line number="1355" hits="1" branch="true" condition-coverage="50% (1/2)" missing-branches="1360"/>
						<line number="1356" hits="1"/>
						<line number="1360" hits="1"/>
						<line number="1361" hits="1"/>
						<line number="1363" hits="1"/>
						<line number="1365" hits="1"/>
						<line number="1380" hits="0" branch="true" condition-coverage="0% (0/2)" missing-branches="1381,1382"/>
						<line number="1381" hits="0"/>
						<line number="1382" hits="0" branch="true" condition-coverage="0% (0/2)" missing-branches="1383,1385"/>
						<line number="1383" hits="0"/>
						<line number="1385" hits="0" branch="true" condition-coverage="0% (0/2)" missing-branches="1386,1387"/>
						<line number="1386" hits="0"/>
						<line number="1387" hits="0" branch="true" condition-coverage="0% (0/2)" missing-branches="1388,1389"/>
						<line number="1388" hits="0"/>
						<line number="1389" hits="0" branch="true" condition-coverage="0% (0/2)" missing-branches="1390,1391"/>
						<line number="1390" hits="0"/>
						<line number="1391" hits="0" branch="true" condition-coverage="0% (0/2)" missing-branches="1392,1393"/>
						<line number="1392" hits="0"/>
						<line number="1393" hits="0" branch="true" condition-coverage="0% (0/2)" missing-branches="1394,1395"/>
						<line number="1394" hits="0"/>
						<line number="1395" hits="0"/>
						<line number="1396" hits="0" branch="true" condition-coverage="0% (0/2)" missing-branches="1397,1399"/>
						<line number="1397" hits="0"/>
						<line number="1399" hits="0"/>
						<line number="1401" hits="1"/>
						<line number="1415" hits="1"/>
						<line number="1416" hits="1" branch="true" condition-coverage="100% (2/2)"/>
						<line number="1417" hits="1" branch="true" condition-coverage="50% (1/2)" missing-branches="1416"/>
						<line number="1422" hits="1"/>
						<line number="1425" hits="1"/>
						<line number="1427" hits="1"/>
						<line number="1429" hits="1"/>
						<line number="1438" hits="0"/>
						<line number="1439" hits="0"/>
						<line number="1440" hits="0" branch="true" condition-coverage="0% (0/2)" missing-branches="1441,1446"/>
						<line number="1441" hits="0" branch="true" condition-coverage="0% (0/2)" missing-branches="1442,1444"/>
						<line number="1442" hits="0"/>
						<line number="1444" hits="0"/>
						<line number="1446" hits="0" branch="true" condition-coverage="0% (0/2)" missing-branches="1447,1452"/>
						<line number="1447" hits="0"/>
						<line number="1452" hits="0"/>
						<line number="1454" hits="1"/>
						<line number="1464" hits="0"/>
						<line number="1465" hits="0" branch="true" condition-coverage="0% (0/2)" missing-branches="1466,1467"/>
						<line number="1466" hits="0"/>
						<line number="1467" hits="0"/>
						<line number="1469" hits="0"/>
						<line number="1470" hits="0"/>
						<line number="1472" hits="0" branch="true" condition-coverage="0% (0/2)" missing-branches="exit,1473"/>
						<line number="1473" hits="0"/>
						<line number="1476" hits="0"/>
						<line number="1478" hits="1"/>
						<line number="1490" hits="0"/>
						<line number="1505" hits="0" branch="true" condition-coverage="0% (0/2)" missing-branches="1506,1507"/>
						<line number="1506" hits="0"/>
						<line number="1507" hits="0"/>
						<line number="1514" hits="0" branch="true" condition-coverage="0% (0/2)" missing-branches="1515,1522"/>
						<line number="1515" hits="0" branch="true" condition-coverage="0% (0/2)" missing-branches="1516,1520"/>
						<line number="1516" hits="0" branch="true" condition-coverage="0% (0/2)" missing-branches="1514,1517"/>
						<line number="1517" hits="0"/>
						<line number="1518" hits="0"/>
						<line number="1520" hits="0" branch="true" condition-coverage="0% (0/2)" missing-branches="1514,1521"/>
						<line number="1521" hits="0"/>
						<line number="1522" hits="0"/>
						<line number="1525" hits="0" branch="true" condition-coverage="0% (0/2)" missing-branches="1526,1527"/>
						<line number="1526" hits="0"/>
						<line number="1527" hits="0" branch="true" condition-coverage="0% (0/2)" missing-branches="1528,1529"/>
						<line number="1528" hits="0"/>
						<line number="1529" hits="0" branch="true" condition-coverage="0% (0/2)" missing-branches="1530,1531"/>
						<line number="1530" hits="0"/>
						<line number="1531" hits="0" branch="true" condition-coverage="0% (0/2)" missing-branches="1532,1533"/>
						<line number="1532" hits="0"/>
						<line number="1533" hits="0" branch="true" condition-coverage="0% (0/2)" missing-branches="1534,1536"/>
						<line number="1534" hits="0"/>
						<line number="1536" hits="0"/>
						<line number="1538" hits="0"/>
						<line number="1541" hits="0"/>
						<line number="1542" hits="0" branch="true" condition-coverage="0% (0/2)" missing-branches="1543,1546"/>
						<line number="1543" hits="0" branch="true" condition-coverage="0% (0/2)" missing-branches="1542,1544"/>
						<line number="1544" hits="0"/>
						<line number="1546" hits="0"/>
						<line number="1549" hits="0" branch="true" condition-coverage="0% (0/2)" missing-branches="1550,1670"/>
						<line number="1550" hits="0"/>
						<line number="1551" hits="0"/>
						<line number="1552" hits="0" branch="true" condition-coverage="0% (0/2)" missing-branches="1553,1557"/>
						<line number="1553" hits="0" branch="true" condition-coverage="0% (0/2)" missing-branches="1552,1554"/>
						<line number="1554" hits="0"/>
						<line number="1555" hits="0"/>
						<line number="1557" hits="0" branch="true" condition-coverage="0% (0/2)" missing-branches="1549,1558"/>
						<line number="1558" hits="0"/>
						<line number="1560" hits="0"/>
						<line number="1563" hits="0"/>
						<line number="1566" hits="0"/>
						<line number="1567" hits="0" branch="true" condition-coverage="0% (0/2)" missing-branches="1568,1580"/>
						<line number="1568" hits="0" branch="true" condition-coverage="0% (0/2)" missing-branches="1567,1569"/>
						<line number="1569" hits="0"/>
						<line number="1572" hits="0" branch="true" condition-coverage="0% (0/2)" missing-branches="1573,1575"/>
						<line number="1573" hits="0"/>
						<line number="1575" hits="0" branch="true" condition-coverage="0% (0/2)" missing-branches="1567,1576"/>
						<line number="1576" hits="0"/>
						<line number="1577" hits="0"/>
						<line number="1578" hits="0"/>
						<line number="1579" hits="0"/>
						<line number="1580" hits="0" branch="true" condition-coverage="0% (0/2)" missing-branches="1581,1668"/>
						<line number="1581" hits="0"/>
						<line number="1582" hits="0"/>
						<line number="1583" hits="0"/>
						<line number="1584" hits="0"/>
						<line number="1585" hits="0"/>
						<line number="1586" hits="0"/>
						<line number="1587" hits="0" branch="true" condition-coverage="0% (0/2)" missing-branches="1588,1624"/>
						<line number="1588" hits="0"/>
						<line number="1589" hits="0"/>
						<line number="1592" hits="0"/>
						<line number="1594" hits="0" branch="true" condition-coverage="0% (0/2)" missing-branches="1595,1599"/>
						<line number="1595" hits="0"/>
						<line number="1598" hits="0"/>
						<line number="1599" hits="0" branch="true" condition-coverage="0% (0/2)" missing-branches="1600,1604"/>
						<line number="1600" hits="0"/>
						<line number="1603" hits="0"/>
						<line number="1604" hits="0" branch="true" condition-coverage="0% (0/2)" missing-branches="1605,1609"/>
						<line number="1605" hits="0"/>
						<line number="1608" hits="0"/>
						<line number="1609" hits="0" branch="true" condition-coverage="0% (0/2)" missing-branches="1610,1612"/>
						<line number="1610" hits="0"/>
						<line number="1611" hits="0"/>
						<line number="1612" hits="0" branch="true" condition-coverage="0% (0/2)" missing-branches="1587,1616"/>
						<line number="1616" hits="0"/>
						<line number="1619" hits="0"/>
						<line number="1624" hits="0" branch="true" condition-coverage="0% (0/2)" missing-branches="1625,1628"/>
						<line number="1625" hits="0"/>
						<line number="1626" hits="0"/>
						<line number="1628" hits="0"/>
						<line number="1629" hits="0"/>
						<line number="1631" hits="0"/>
						<line number="1647" hits="0" branch="true" condition-coverage="0% (0/2)" missing-branches="1648,1651"/>
						<line number="1648" hits="0"/>
						<line number="1651" hits="0" branch="true" condition-coverage="0% (0/2)" missing-branches="1652,1655"/>
						<line number="1652" hits="0"/>
						<line number="1655" hits="0" branch="true" condition-coverage="0% (0/2)" missing-branches="1656,1659"/>
						<line number="1656" hits="0"/>
						<line number="1659" hits="0" branch="true" condition-coverage="0% (0/2)" missing-branches="1660,1663"/>
						<line number="1660" hits="0"/>
						<line number="1663" hits="0" branch="true" condition-coverage="0% (0/2)" missing-branches="1549,1664"/>
						<line number="1664" hits="0"/>
						<line number="1668" hits="0"/>
						<line number="1670" hits="0"/>
						<line number="1672" hits="1"/>
						<line number="1690" hits="1"/>
						<line number="1691" hits="1" branch="true" condition-coverage="50% (1/2)" missing-branches="1694"/>
						<line number="1692" hits="1"/>
						<line number="1693" hits="1"/>
						<line number="1694" hits="0" branch="true" condition-coverage="0% (0/2)" missing-branches="1695,1698"/>
						<line number="1695" hits="0"/>
						<line number="1696" hits="0"/>
						<line number="1698" hits="1"/>
						<line number="1699" hits="1" branch="true" condition-coverage="100% (2/2)"/>
						<line number="1700" hits="1" branch="true" condition-coverage="100% (2/2)"/>
						<line number="1701" hits="1"/>
						<line number="1703" hits="1"/>
						<line number="1704" hits="1"/>
						<line number="1705" hits="1" branch="true" condition-coverage="100% (2/2)"/>
						<line number="1706" hits="1"/>
						<line number="1707" hits="1"/>
						<line number="1708" hits="1" branch="true" condition-coverage="100% (2/2)"/>
						<line number="1709" hits="1"/>
						<line number="1710" hits="1" branch="true" condition-coverage="100% (2/2)"/>
						<line number="1711" hits="1" branch="true" condition-coverage="100% (2/2)"/>
						<line number="1712" hits="1"/>
						<line number="1713" hits="1" branch="true" condition-coverage="100% (2/2)"/>
						<line number="1714" hits="1" branch="true" condition-coverage="50% (1/2)" missing-branches="1717"/>
						<line number="1715" hits="1"/>
						<line number="1717" hits="0"/>
						<line number="1718" hits="1"/>
						<line number="1720" hits="1" branch="true" condition-coverage="100% (2/2)"/>
						<line number="1721" hits="1"/>
						<line number="1723" hits="1" branch="true" condition-coverage="100% (2/2)"/>
						<line number="1724" hits="1" branch="true" condition-coverage="50% (1/2)" missing-branches="1723"/>
						<line number="1725" hits="1"/>
						<line number="1727" hits="1" branch="true" condition-coverage="50% (1/2)" missing-branches="1728"/>
						<line number="1728" hits="0"/>
						<line number="1730" hits="1"/>
						<line number="1732" hits="1"/>
						<line number="1748" hits="0"/>
						<line number="1749" hits="0"/>
						<line number="1750" hits="0" branch="true" condition-coverage="0% (0/2)" missing-branches="1751,1755"/>
						<line number="1751" hits="0" branch="true" condition-coverage="0% (0/2)" missing-branches="1750,1752"/>
						<line number="1752" hits="0" branch="true" condition-coverage="0% (0/2)" missing-branches="1750,1753"/>
						<line number="1753" hits="0"/>
						<line number="1755" hits="0" branch="true" condition-coverage="0% (0/2)" missing-branches="1756,1759"/>
						<line number="1756" hits="0"/>
						<line number="1757" hits="0"/>
						<line number="1759" hits="0"/>
						<line number="1761" hits="1"/>
						<line number="1777" hits="1"/>
						<line number="1779" hits="1" branch="true" condition-coverage="50% (1/2)" missing-branches="1781"/>
						<line number="1780" hits="1"/>
						<line number="1781" hits="0" branch="true" condition-coverage="0% (0/2)" missing-branches="1782,1784"/>
						<line number="1782" hits="0"/>
						<line number="1784" hits="1"/>
						<line number="1792" hits="1"/>
						<line number="1793" hits="1" branch="true" condition-coverage="50% (1/2)" missing-branches="exit"/>
						<line number="1808" hits="1"/>
						<line number="1809" hits="1" branch="true" condition-coverage="0% (0/2)" missing-branches="exit,1816"/>
						<line number="1816" hits="0"/>
						<line number="1817" hits="0"/>
						<line number="1818" hits="1"/>
						<line number="1819" hits="1" branch="true" condition-coverage="50% (1/2)" missing-branches="1820"/>
						<line number="1820" hits="0" branch="true" condition-coverage="0% (0/2)" missing-branches="1821,1823"/>
						<line number="1821" hits="0"/>
						<line number="1823" hits="0"/>
						<line number="1824" hits="0"/>
						<line number="1825" hits="0"/>
						<line number="1827" hits="1" branch="true" condition-coverage="50% (1/2)" missing-branches="1830"/>
						<line number="1828" hits="1"/>
						<line number="1830" hits="0"/>
						<line number="1831" hits="1"/>
						<line number="1833" hits="1"/>
						<line number="1834" hits="1" branch="true" condition-coverage="100% (2/2)"/>
						<line number="1835" hits="1" branch="true" condition-coverage="50% (1/2)" missing-branches="1834"/>
						<line number="1836" hits="1" branch="true" condition-coverage="100% (2/2)"/>
						<line number="1837" hits="1"/>
						<line number="1839" hits="1" branch="true" condition-coverage="100% (2/2)"/>
						<line number="1840" hits="1"/>
						<line number="1842" hits="1"/>
						<line number="1844" hits="1"/>
						<line number="1859" hits="1"/>
						<line number="1861" hits="1"/>
						<line number="1862" hits="1" branch="true" condition-coverage="100% (2/2)"/>
						<line number="1863" hits="1"/>
						<line number="1864" hits="1" branch="true" condition-coverage="100% (2/2)"/>
						<line number="1865" hits="1"/>
						<line number="1866" hits="1"/>
						<line number="1868" hits="1"/>
						<line number="1870" hits="1"/>
						<line number="1887" hits="1"/>
						<line number="1889" hits="1"/>
						<line number="1890" hits="1" branch="true" condition-coverage="100% (2/2)"/>
						<line number="1892" hits="1" branch="true" condition-coverage="100% (2/2)"/>
						<line number="1893" hits="1"/>
						<line number="1895" hits="1" branch="true" condition-coverage="50% (1/2)" missing-branches="1900"/>
						<line number="1897" hits="1" branch="true" condition-coverage="100% (2/2)"/>
						<line number="1898" hits="1"/>
						<line number="1900" hits="1" branch="true" condition-coverage="50% (1/2)" missing-branches="1901"/>
						<line number="1901" hits="0"/>
						<line number="1903" hits="1"/>
						<line number="1905" hits="0"/>
						<line number="1906" hits="0"/>
					</lines>
				</class>
				<class name="utilities.py" filename="utilities.py" complexity="0" line-rate="0.5455" branch-rate="0.25">
					<methods/>
					<lines>
						<line number="3" hits="1"/>
						<line number="6" hits="1"/>
						<line number="21" hits="1"/>
						<line number="22" hits="1"/>
						<line number="23" hits="1"/>
						<line number="25" hits="1" branch="true" condition-coverage="50% (1/2)" missing-branches="26"/>
						<line number="26" hits="0"/>
						<line number="28" hits="1" branch="true" condition-coverage="50% (1/2)" missing-branches="31"/>
						<line number="29" hits="1"/>
						<line number="31" hits="1"/>
						<line number="33" hits="1"/>
						<line number="36" hits="1"/>
						<line number="52" hits="0"/>
						<line number="54" hits="0" branch="true" condition-coverage="0% (0/2)" missing-branches="55,57"/>
						<line number="55" hits="0"/>
						<line number="57" hits="0"/>
						<line number="59" hits="0" branch="true" condition-coverage="0% (0/2)" missing-branches="60,62"/>
						<line number="60" hits="0"/>
						<line number="62" hits="0"/>
						<line number="65" hits="1"/>
						<line number="79" hits="0"/>
						<line number="81" hits="0"/>
					</lines>
				</class>
				<class name="visuals.py" filename="visuals.py" complexity="0" line-rate="0.8167" branch-rate="0.6943">
					<methods/>
					<lines>
						<line number="6" hits="1"/>
						<line number="7" hits="1"/>
						<line number="8" hits="1"/>
						<line number="9" hits="1"/>
						<line number="10" hits="1"/>
						<line number="11" hits="1"/>
						<line number="12" hits="1"/>
						<line number="13" hits="1"/>
						<line number="14" hits="1"/>
						<line number="15" hits="1"/>
						<line number="16" hits="1"/>
						<line number="17" hits="1"/>
						<line number="18" hits="1"/>
						<line number="19" hits="1"/>
						<line number="20" hits="1"/>
						<line number="21" hits="1"/>
						<line number="24" hits="1"/>
						<line number="25" hits="1"/>
						<line number="26" hits="1"/>
						<line number="27" hits="1"/>
						<line number="29" hits="1"/>
						<line number="30" hits="1"/>
						<line number="31" hits="1"/>
						<line number="33" hits="1" branch="true" condition-coverage="50% (1/2)" missing-branches="35"/>
						<line number="34" hits="1"/>
						<line number="35" hits="1"/>
						<line number="36" hits="1"/>
						<line number="37" hits="1"/>
						<line number="38" hits="1"/>
						<line number="39" hits="1"/>
						<line number="40" hits="1"/>
						<line number="41" hits="1"/>
						<line number="43" hits="1"/>
						<line number="46" hits="1"/>
						<line number="58" hits="1"/>
						<line number="62" hits="1"/>
						<line number="63" hits="1"/>
						<line number="64" hits="1"/>
						<line number="66" hits="1"/>
						<line number="80" hits="1"/>
						<line number="82" hits="1" branch="true" condition-coverage="100% (2/2)"/>
						<line number="83" hits="1"/>
						<line number="91" hits="1" branch="true" condition-coverage="100% (2/2)"/>
						<line number="92" hits="1" branch="true" condition-coverage="100% (2/2)"/>
						<line number="93" hits="1"/>
						<line number="94" hits="1"/>
						<line number="95" hits="1"/>
						<line number="103" hits="1" branch="true" condition-coverage="100% (2/2)"/>
						<line number="104" hits="1" branch="true" condition-coverage="100% (2/2)"/>
						<line number="105" hits="1"/>
						<line number="106" hits="1"/>
						<line number="107" hits="1"/>
						<line number="108" hits="1"/>
						<line number="109" hits="1" branch="true" condition-coverage="100% (2/2)"/>
						<line number="110" hits="1"/>
						<line number="111" hits="1"/>
						<line number="112" hits="1"/>
						<line number="113" hits="1"/>
						<line number="114" hits="1"/>
						<line number="115" hits="1" branch="true" condition-coverage="100% (2/2)"/>
						<line number="116" hits="1"/>
						<line number="117" hits="1"/>
						<line number="118" hits="1"/>
						<line number="119" hits="1"/>
						<line number="120" hits="1"/>
						<line number="121" hits="1" branch="true" condition-coverage="100% (2/2)"/>
						<line number="122" hits="1"/>
						<line number="123" hits="1"/>
						<line number="124" hits="1"/>
						<line number="125" hits="1"/>
						<line number="126" hits="1"/>
						<line number="127" hits="1"/>
						<line number="141" hits="1" branch="true" condition-coverage="100% (2/2)"/>
						<line number="142" hits="1" branch="true" condition-coverage="50% (1/2)" missing-branches="141"/>
						<line number="143" hits="1" branch="true" condition-coverage="100% (2/2)"/>
						<line number="144" hits="1"/>
						<line number="152" hits="1"/>
						<line number="159" hits="1"/>
						<line number="161" hits="1" branch="true" condition-coverage="50% (1/2)" missing-branches="162"/>
						<line number="162" hits="0"/>
						<line number="163" hits="0"/>
						<line number="164" hits="0"/>
						<line number="165" hits="0"/>
						<line number="174" hits="0"/>
						<line number="175" hits="0"/>
						<line number="177" hits="1"/>
						<line number="188" hits="1"/>
						<line number="189" hits="1"/>
						<line number="190" hits="1"/>
						<line number="192" hits="1"/>
						<line number="194" hits="1"/>
						<line number="209" hits="1" branch="true" condition-coverage="50% (1/2)" missing-branches="210"/>
						<line number="210" hits="0"/>
						<line number="215" hits="1"/>
						<line number="216" hits="1"/>
						<line number="218" hits="1" branch="true" condition-coverage="50% (1/2)" missing-branches="219"/>
						<line number="219" hits="0"/>
						<line number="220" hits="0"/>
						<line number="221" hits="0"/>
						<line number="223" hits="0"/>
						<line number="226" hits="0"/>
						<line number="231" hits="1"/>
						<line number="233" hits="1"/>
						<line number="234" hits="1"/>
						<line number="235" hits="1" branch="true" condition-coverage="100% (2/2)"/>
						<line number="237" hits="1"/>
						<line number="238" hits="1" branch="true" condition-coverage="100% (2/2)"/>
						<line number="239" hits="1"/>
						<line number="240" hits="1"/>
						<line number="241" hits="1"/>
						<line number="242" hits="1"/>
						<line number="243" hits="1"/>
						<line number="245" hits="1"/>
						<line number="246" hits="1"/>
						<line number="249" hits="1"/>
						<line number="250" hits="1"/>
						<line number="251" hits="1"/>
						<line number="258" hits="1" branch="true" condition-coverage="50% (1/2)" missing-branches="259"/>
						<line number="259" hits="0"/>
						<line number="261" hits="1"/>
						<line number="263" hits="1"/>
						<line number="264" hits="1"/>
						<line number="265" hits="1"/>
						<line number="267" hits="1"/>
						<line number="269" hits="1"/>
						<line number="271" hits="1" branch="true" condition-coverage="50% (1/2)" missing-branches="272"/>
						<line number="272" hits="0"/>
						<line number="274" hits="1"/>
						<line number="278" hits="1"/>
						<line number="280" hits="1"/>
						<line number="383" hits="1" branch="true" condition-coverage="50% (1/2)" missing-branches="384"/>
						<line number="384" hits="0"/>
						<line number="385" hits="0"/>
						<line number="386" hits="0" branch="true" condition-coverage="0% (0/2)" missing-branches="387,392"/>
						<line number="387" hits="0" branch="true" condition-coverage="0% (0/2)" missing-branches="386,388"/>
						<line number="388" hits="0"/>
						<line number="389" hits="0" branch="true" condition-coverage="0% (0/2)" missing-branches="386,390"/>
						<line number="390" hits="0"/>
						<line number="392" hits="1" branch="true" condition-coverage="50% (1/2)" missing-branches="393"/>
						<line number="393" hits="0"/>
						<line number="394" hits="0"/>
						<line number="395" hits="0" branch="true" condition-coverage="0% (0/2)" missing-branches="396,401"/>
						<line number="396" hits="0" branch="true" condition-coverage="0% (0/2)" missing-branches="395,397"/>
						<line number="397" hits="0"/>
						<line number="398" hits="0" branch="true" condition-coverage="0% (0/2)" missing-branches="395,399"/>
						<line number="399" hits="0"/>
						<line number="401" hits="1" branch="true" condition-coverage="50% (1/2)" missing-branches="402"/>
						<line number="402" hits="0"/>
						<line number="403" hits="0" branch="true" condition-coverage="0% (0/2)" missing-branches="404,409"/>
						<line number="404" hits="0" branch="true" condition-coverage="0% (0/2)" missing-branches="403,405"/>
						<line number="405" hits="0"/>
						<line number="406" hits="0" branch="true" condition-coverage="0% (0/2)" missing-branches="403,407"/>
						<line number="407" hits="0"/>
						<line number="409" hits="1" branch="true" condition-coverage="50% (1/2)" missing-branches="410"/>
						<line number="410" hits="0"/>
						<line number="411" hits="0"/>
						<line number="412" hits="0" branch="true" condition-coverage="0% (0/2)" missing-branches="413,418"/>
						<line number="413" hits="0" branch="true" condition-coverage="0% (0/2)" missing-branches="412,414"/>
						<line number="414" hits="0"/>
						<line number="415" hits="0" branch="true" condition-coverage="0% (0/2)" missing-branches="412,416"/>
						<line number="416" hits="0"/>
						<line number="418" hits="1" branch="true" condition-coverage="100% (2/2)"/>
						<line number="419" hits="1"/>
						<line number="428" hits="1" branch="true" condition-coverage="50% (1/2)" missing-branches="429"/>
						<line number="429" hits="0"/>
						<line number="436" hits="1" branch="true" condition-coverage="50% (1/2)" missing-branches="418"/>
						<line number="437" hits="1"/>
						<line number="439" hits="1" branch="true" condition-coverage="100% (2/2)"/>
						<line number="440" hits="1" branch="true" condition-coverage="100% (2/2)"/>
						<line number="442" hits="1"/>
[...]
						<line number="393" hits="0"/>
						<line number="394" hits="0"/>
						<line number="395" hits="0"/>
						<line number="399" hits="0"/>
						<line number="400" hits="0"/>
						<line number="404" hits="0"/>
						<line number="408" hits="0"/>
						<line number="412" hits="0"/>
						<line number="413" hits="0"/>
						<line number="417" hits="0"/>
						<line number="419" hits="0"/>
						<line number="422" hits="0"/>
						<line number="423" hits="0"/>
						<line number="427" hits="0"/>
						<line number="428" hits="0" branch="true" condition-coverage="0% (0/2)" missing-branches="429,444"/>
						<line number="429" hits="0" branch="true" condition-coverage="0% (0/2)" missing-branches="430,435"/>
						<line number="430" hits="0"/>
						<line number="431" hits="0" branch="true" condition-coverage="0% (0/2)" missing-branches="432,433"/>
						<line number="432" hits="0"/>
						<line number="433" hits="0"/>
						<line number="435" hits="0"/>
						<line number="436" hits="0"/>
						<line number="439" hits="0"/>
						<line number="440" hits="0"/>
						<line number="441" hits="0"/>
						<line number="442" hits="0"/>
						<line number="444" hits="0"/>
						<line number="454" hits="0" branch="true" condition-coverage="0% (0/2)" missing-branches="455,458"/>
						<line number="455" hits="0"/>
						<line number="456" hits="0" branch="true" condition-coverage="0% (0/2)" missing-branches="454,457"/>
						<line number="457" hits="0"/>
						<line number="458" hits="0"/>
						<line number="459" hits="0" branch="true" condition-coverage="0% (0/2)" missing-branches="460,480"/>
						<line number="460" hits="0" branch="true" condition-coverage="0% (0/2)" missing-branches="464,471"/>
						<line number="464" hits="0" branch="true" condition-coverage="0% (0/2)" missing-branches="465,471"/>
						<line number="465" hits="0"/>
						<line number="467" hits="0" branch="true" condition-coverage="0% (0/2)" missing-branches="468,470"/>
						<line number="468" hits="0"/>
						<line number="470" hits="0"/>
						<line number="471" hits="0" branch="true" condition-coverage="0% (0/2)" missing-branches="472,475"/>
						<line number="472" hits="0"/>
						<line number="473" hits="0"/>
						<line number="474" hits="0"/>
						<line number="475" hits="0" branch="true" condition-coverage="0% (0/2)" missing-branches="459,476"/>
						<line number="476" hits="0"/>
						<line number="477" hits="0"/>
						<line number="478" hits="0"/>
						<line number="480" hits="0" branch="true" condition-coverage="0% (0/2)" missing-branches="481,483"/>
						<line number="481" hits="0"/>
						<line number="483" hits="0" branch="true" condition-coverage="0% (0/2)" missing-branches="484,486"/>
						<line number="484" hits="0"/>
						<line number="486" hits="0"/>
						<line number="487" hits="0"/>
						<line number="488" hits="0"/>
						<line number="490" hits="1"/>
						<line number="505" hits="0"/>
						<line number="506" hits="0"/>
						<line number="507" hits="0"/>
						<line number="508" hits="0" branch="true" condition-coverage="0% (0/2)" missing-branches="509,510"/>
						<line number="509" hits="0"/>
						<line number="510" hits="0" branch="true" condition-coverage="0% (0/2)" missing-branches="511,512"/>
						<line number="511" hits="0"/>
						<line number="512" hits="0" branch="true" condition-coverage="0% (0/2)" missing-branches="513,516"/>
						<line number="513" hits="0"/>
						<line number="514" hits="0"/>
						<line number="516" hits="0"/>
						<line number="517" hits="0" branch="true" condition-coverage="0% (0/2)" missing-branches="518,525"/>
						<line number="518" hits="0"/>
						<line number="519" hits="0"/>
						<line number="520" hits="0" branch="true" condition-coverage="0% (0/2)" missing-branches="517,521"/>
						<line number="521" hits="0" branch="true" condition-coverage="0% (0/2)" missing-branches="520,522"/>
						<line number="522" hits="0"/>
						<line number="523" hits="0"/>
						<line number="525" hits="0"/>
					</lines>
				</class>
				<class name="utilities.py" filename="uesmodels/utilities/utilities.py" complexity="0" line-rate="0.1691" branch-rate="0.05422">
					<methods/>
					<lines>
						<line number="7" hits="1"/>
						<line number="8" hits="1"/>
						<line number="9" hits="1"/>
						<line number="10" hits="1"/>
						<line number="11" hits="1"/>
						<line number="13" hits="1"/>
						<line number="14" hits="1"/>
						<line number="16" hits="1"/>
						<line number="17" hits="1"/>
						<line number="20" hits="1"/>
						<line number="29" hits="0"/>
						<line number="30" hits="0" branch="true" condition-coverage="0% (0/2)" missing-branches="31,36"/>
						<line number="31" hits="0" branch="true" condition-coverage="0% (0/2)" missing-branches="30,32"/>
						<line number="32" hits="0"/>
						<line number="33" hits="0"/>
						<line number="34" hits="0"/>
						<line number="36" hits="0"/>
						<line number="37" hits="0"/>
						<line number="39" hits="0"/>
						<line number="40" hits="0"/>
						<line number="41" hits="0"/>
						<line number="42" hits="0"/>
						<line number="44" hits="0"/>
						<line number="45" hits="0" branch="true" condition-coverage="0% (0/2)" missing-branches="46,51"/>
						<line number="46" hits="0" branch="true" condition-coverage="0% (0/2)" missing-branches="47,49"/>
						<line number="47" hits="0"/>
						<line number="49" hits="0"/>
						<line number="51" hits="0"/>
						<line number="52" hits="0" branch="true" condition-coverage="0% (0/2)" missing-branches="53,99"/>
						<line number="53" hits="0" branch="true" condition-coverage="0% (0/2)" missing-branches="52,54"/>
						<line number="54" hits="0"/>
						<line number="55" hits="0"/>
						<line number="56" hits="0"/>
						<line number="57" hits="0" branch="true" condition-coverage="0% (0/2)" missing-branches="58,63"/>
						<line number="58" hits="0"/>
						<line number="59" hits="0"/>
						<line number="60" hits="0" branch="true" condition-coverage="0% (0/2)" missing-branches="57,61"/>
						<line number="61" hits="0"/>
						<line number="63" hits="0"/>
						<line number="64" hits="0"/>
						<line number="65" hits="0"/>
						<line number="66" hits="0" branch="true" condition-coverage="0% (0/2)" missing-branches="67,74"/>
						<line number="67" hits="0"/>
						<line number="68" hits="0" branch="true" condition-coverage="0% (0/2)" missing-branches="66,69"/>
						<line number="69" hits="0"/>
						<line number="70" hits="0"/>
						<line number="71" hits="0"/>
						<line number="72" hits="0"/>
						<line number="74" hits="0"/>
						<line number="76" hits="0" branch="true" condition-coverage="0% (0/2)" missing-branches="77,82"/>
						<line number="77" hits="0"/>
						<line number="78" hits="0"/>
						<line number="82" hits="0"/>
						<line number="83" hits="0"/>
						<line number="84" hits="0"/>
						<line number="85" hits="0" branch="true" condition-coverage="0% (0/2)" missing-branches="86,92"/>
						<line number="86" hits="0" branch="true" condition-coverage="0% (0/2)" missing-branches="87,89"/>
						<line number="87" hits="0"/>
						<line number="89" hits="0" branch="true" condition-coverage="0% (0/2)" missing-branches="85,90"/>
						<line number="90" hits="0"/>
						<line number="92" hits="0"/>
						<line number="93" hits="0" branch="true" condition-coverage="0% (0/2)" missing-branches="94,96"/>
						<line number="94" hits="0"/>
						<line number="96" hits="0" branch="true" condition-coverage="0% (0/2)" missing-branches="52,97"/>
						<line number="97" hits="0"/>
						<line number="99" hits="0"/>
						<line number="102" hits="1"/>
						<line number="120" hits="0" branch="true" condition-coverage="0% (0/2)" missing-branches="121,138"/>
						<line number="121" hits="0"/>
						<line number="122" hits="0" branch="true" condition-coverage="0% (0/2)" missing-branches="123,124"/>
						<line number="123" hits="0"/>
						<line number="124" hits="0" branch="true" condition-coverage="0% (0/2)" missing-branches="125,126"/>
						<line number="125" hits="0"/>
						<line number="126" hits="0" branch="true" condition-coverage="0% (0/2)" missing-branches="127,128"/>
						<line number="127" hits="0"/>
						<line number="128" hits="0" branch="true" condition-coverage="0% (0/2)" missing-branches="129,130"/>
						<line number="129" hits="0"/>
						<line number="130" hits="0" branch="true" condition-coverage="0% (0/2)" missing-branches="131,132"/>
						<line number="131" hits="0"/>
						<line number="132" hits="0" branch="true" condition-coverage="0% (0/2)" missing-branches="133,135"/>
						<line number="133" hits="0"/>
						<line number="135" hits="0"/>
						<line number="136" hits="0"/>
						<line number="138" hits="0"/>
						<line number="141" hits="1"/>
						<line number="159" hits="0"/>
						<line number="160" hits="0" branch="true" condition-coverage="0% (0/2)" missing-branches="161,163"/>
						<line number="161" hits="0"/>
						<line number="163" hits="0"/>
						<line number="165" hits="0" branch="true" condition-coverage="0% (0/2)" missing-branches="166,174"/>
						<line number="166" hits="0" branch="true" condition-coverage="0% (0/2)" missing-branches="165,167"/>
						<line number="167" hits="0"/>
						<line number="170" hits="0"/>
						<line number="174" hits="0"/>
						<line number="177" hits="1"/>
						<line number="194" hits="0" branch="true" condition-coverage="0% (0/2)" missing-branches="195,197"/>
						<line number="195" hits="0"/>
						<line number="197" hits="0"/>
						<line number="202" hits="0" branch="true" condition-coverage="0% (0/2)" missing-branches="203,205"/>
						<line number="203" hits="0"/>
						<line number="205" hits="0"/>
						<line number="207" hits="0" branch="true" condition-coverage="0% (0/2)" missing-branches="208,211"/>
						<line number="208" hits="0" branch="true" condition-coverage="0% (0/2)" missing-branches="207,209"/>
						<line number="209" hits="0"/>
						<line number="211" hits="0"/>
						<line number="214" hits="1"/>
						<line number="234" hits="0" branch="true" condition-coverage="0% (0/2)" missing-branches="235,237"/>
						<line number="235" hits="0"/>
						<line number="237" hits="0"/>
						<line number="239" hits="0" branch="true" condition-coverage="0% (0/2)" missing-branches="240,242"/>
						<line number="240" hits="0"/>
						<line number="242" hits="0"/>
						<line number="244" hits="0" branch="true" condition-coverage="0% (0/2)" missing-branches="245,250"/>
						<line number="245" hits="0" branch="true" condition-coverage="0% (0/2)" missing-branches="244,246"/>
						<line number="246" hits="0"/>
						<line number="250" hits="0"/>
						<line number="260" hits="1"/>
						<line number="276" hits="0"/>
						<line number="277" hits="0"/>
						<line number="278" hits="0" branch="true" condition-coverage="0% (0/2)" missing-branches="279,302"/>
						<line number="279" hits="0"/>
						<line number="280" hits="0"/>
						<line number="282" hits="0" branch="true" condition-coverage="0% (0/2)" missing-branches="283,288"/>
						<line number="283" hits="0" branch="true" condition-coverage="0% (0/2)" missing-branches="284,302"/>
						<line number="284" hits="0"/>
						<line number="285" hits="0" branch="true" condition-coverage="0% (0/2)" missing-branches="283,286"/>
						<line number="286" hits="0"/>
						<line number="287" hits="0"/>
						<line number="288" hits="0" branch="true" condition-coverage="0% (0/2)" missing-branches="289,293"/>
						<line number="289" hits="0" branch="true" condition-coverage="0% (0/2)" missing-branches="290,302"/>
						<line number="290" hits="0"/>
						<line number="291" hits="0"/>
						<line number="293" hits="0" branch="true" condition-coverage="0% (0/2)" missing-branches="294,296"/>
						<line number="294" hits="0"/>
						<line number="295" hits="0"/>
						<line number="296" hits="0" branch="true" condition-coverage="0% (0/2)" missing-branches="297,302"/>
						<line number="297" hits="0"/>
						<line number="298" hits="0" branch="true" condition-coverage="0% (0/2)" missing-branches="296,299"/>
						<line number="299" hits="0"/>
						<line number="300" hits="0"/>
						<line number="302" hits="0"/>
						<line number="305" hits="1"/>
						<line number="314" hits="0"/>
						<line number="315" hits="0"/>
						<line number="316" hits="0" branch="true" condition-coverage="0% (0/2)" missing-branches="317,319"/>
						<line number="317" hits="0"/>
						<line number="319" hits="0"/>
						<line number="320" hits="0"/>
						<line number="321" hits="0"/>
						<line number="323" hits="0" branch="true" condition-coverage="0% (0/2)" missing-branches="324,353"/>
						<line number="324" hits="0"/>
						<line number="325" hits="0"/>
						<line number="326" hits="0"/>
						<line number="327" hits="0" branch="true" condition-coverage="0% (0/2)" missing-branches="328,331"/>
						<line number="328" hits="0" branch="true" condition-coverage="0% (0/2)" missing-branches="327,329"/>
						<line number="329" hits="0"/>
						<line number="331" hits="0" branch="true" condition-coverage="0% (0/2)" missing-branches="332,333"/>
						<line number="332" hits="0"/>
						<line number="333" hits="0" branch="true" condition-coverage="0% (0/2)" missing-branches="334,336"/>
						<line number="334" hits="0"/>
						<line number="336" hits="0" branch="true" condition-coverage="0% (0/2)" missing-branches="337,350"/>
						<line number="337" hits="0" branch="true" condition-coverage="0% (0/2)" missing-branches="336,338"/>
						<line number="338" hits="0" branch="true" condition-coverage="0% (0/2)" missing-branches="337,339"/>
						<line number="339" hits="0"/>
						<line number="342" hits="0" branch="true" condition-coverage="0% (0/2)" missing-branches="343,344"/>
						<line number="343" hits="0"/>
						<line number="344" hits="0" branch="true" condition-coverage="0% (0/2)" missing-branches="337,347"/>
						<line number="347" hits="0"/>
						<line number="350" hits="0"/>
						<line number="351" hits="0"/>
						<line number="353" hits="0"/>
						<line number="355" hits="0"/>
						<line number="356" hits="0"/>
						<line number="357" hits="0"/>
						<line number="359" hits="0"/>
						<line number="360" hits="0" branch="true" condition-coverage="0% (0/2)" missing-branches="361,378"/>
						<line number="361" hits="0"/>
						<line number="362" hits="0"/>
						<line number="363" hits="0" branch="true" condition-coverage="0% (0/2)" missing-branches="364,368"/>
						<line number="364" hits="0" branch="true" condition-coverage="0% (0/2)" missing-branches="365,366"/>
						<line number="365" hits="0"/>
						<line number="366" hits="0" branch="true" condition-coverage="0% (0/2)" missing-branches="363,367"/>
						<line number="367" hits="0"/>
						<line number="368" hits="0" branch="true" condition-coverage="0% (0/2)" missing-branches="369,370"/>
						<line number="369" hits="0"/>
						<line number="370" hits="0"/>
						<line number="371" hits="0"/>
						<line number="372" hits="0" branch="true" condition-coverage="0% (0/2)" missing-branches="373,377"/>
						<line number="373" hits="0"/>
						<line number="377" hits="0"/>
						<line number="378" hits="0"/>
						<line number="379" hits="0"/>
						<line number="382" hits="0"/>
						<line number="388" hits="0"/>
						<line number="390" hits="0"/>
						<line number="396" hits="1"/>
						<line number="429" hits="0"/>
						<line number="431" hits="0" branch="true" condition-coverage="0% (0/2)" missing-branches="432,434"/>
						<line number="432" hits="0"/>
						<line number="434" hits="0"/>
						<line number="462" hits="0"/>
						<line number="463" hits="0"/>
						<line number="465" hits="0"/>
						<line number="466" hits="0" branch="true" condition-coverage="0% (0/2)" missing-branches="467,469"/>
						<line number="467" hits="0" branch="true" condition-coverage="0% (0/2)" missing-branches="466,468"/>
						<line number="468" hits="0"/>
						<line number="469" hits="0"/>
						<line number="471" hits="0"/>
						<line number="472" hits="0" branch="true" condition-coverage="0% (0/2)" missing-branches="473,497"/>
						<line number="473" hits="0" branch="true" condition-coverage="0% (0/2)" missing-branches="472,474"/>
						<line number="474" hits="0" branch="true" condition-coverage="0% (0/2)" missing-branches="475,490"/>
						<line number="475" hits="0"/>
						<line number="476" hits="0"/>
						<line number="477" hits="0" branch="true" condition-coverage="0% (0/2)" missing-branches="472,478"/>
						<line number="478" hits="0"/>
						<line number="479" hits="0"/>
						<line number="480" hits="0" branch="true" condition-coverage="0% (0/2)" missing-branches="481,485"/>
						<line number="481" hits="0"/>
						<line number="485" hits="0"/>
						<line number="488" hits="0"/>
						<line number="490" hits="0"/>
						<line number="497" hits="0" branch="true" condition-coverage="0% (0/2)" missing-branches="498,499"/>
						<line number="498" hits="0"/>
						<line number="499" hits="0" branch="true" condition-coverage="0% (0/2)" missing-branches="500,501"/>
						<line number="500" hits="0"/>
						<line number="501" hits="0" branch="true" condition-coverage="0% (0/2)" missing-branches="502,508"/>
						<line number="502" hits="0"/>
						<line number="503" hits="0"/>
						<line number="504" hits="0"/>
						<line number="505" hits="0"/>
						<line number="508" hits="0" branch="true" condition-coverage="0% (0/2)" missing-branches="509,518"/>
						<line number="509" hits="0"/>
						<line number="510" hits="0"/>
						<line number="511" hits="0"/>
						<line number="512" hits="0" branch="true" condition-coverage="0% (0/2)" missing-branches="513,516"/>
						<line number="513" hits="0"/>
						<line number="514" hits="0"/>
						<line number="515" hits="0"/>
						<line number="516" hits="0"/>
						<line number="518" hits="0" branch="true" condition-coverage="0% (0/2)" missing-branches="519,528"/>
						<line number="519" hits="0" branch="true" condition-coverage="0% (0/2)" missing-branches="520,528"/>
						<line number="520" hits="0" branch="true" condition-coverage="0% (0/2)" missing-branches="519,522"/>
						<line number="522" hits="0" branch="true" condition-coverage="0% (0/2)" missing-branches="523,526"/>
						<line number="523" hits="0" branch="true" condition-coverage="0% (0/2)" missing-branches="522,524"/>
						<line number="524" hits="0"/>
						<line number="525" hits="0"/>
						<line number="526" hits="0"/>
						<line number="528" hits="0"/>
						<line number="531" hits="1"/>
						<line number="533" hits="1"/>
						<line number="534" hits="1"/>
						<line number="536" hits="1" branch="true" condition-coverage="100% (2/2)"/>
						<line number="537" hits="1"/>
						<line number="540" hits="1"/>
						<line number="541" hits="1"/>
						<line number="543" hits="1"/>
						<line number="545" hits="1" branch="true" condition-coverage="50% (1/2)" missing-branches="563"/>
						<line number="546" hits="1"/>
						<line number="547" hits="1" branch="true" condition-coverage="100% (2/2)"/>
						<line number="548" hits="1"/>
						<line number="551" hits="1"/>
						<line number="552" hits="1" branch="true" condition-coverage="100% (2/2)"/>
						<line number="553" hits="1"/>
						<line number="557" hits="1"/>
						<line number="559" hits="1"/>
						<line number="560" hits="1"/>
						<line number="561" hits="1"/>
						<line number="563" hits="1"/>
						<line number="564" hits="1"/>
						<line number="566" hits="1" branch="true" condition-coverage="100% (2/2)"/>
						<line number="567" hits="1"/>
						<line number="569" hits="1"/>
						<line number="572" hits="1"/>
						<line number="589" hits="1"/>
						<line number="590" hits="1"/>
						<line number="591" hits="1"/>
						<line number="596" hits="1"/>
						<line number="598" hits="1"/>
					</lines>
				</class>
			</classes>
		</package>
	</packages>
</coverage>
